This is pdfTeX, Version 3.14159265-2.6-1.40.21 (TeX Live 2020/W32TeX) (preloaded format=pdflatex 2020.2.26)  1 MAR 2020 02:09
entering extended mode
 restricted \write18 enabled.
 %&-line parsing enabled.
**順列エントロピーについて.tex
(./順列エントロピーについて.tex
LaTeX2e <2020-02-02> patch level 4
L3 programming layer <2020-02-25>
(c:/w32tex/share/texmf-dist/tex/latex/bxjscls/bxjsarticle.cls
Document Class: bxjsarticle 2020/02/15 v1.9k BXJS document classes
(c:/w32tex/share/texmf-dist/tex/latex/tools/calc.sty
Package: calc 2017/05/25 v4.3 Infix arithmetic (KKT,FJ)
\calc@Acount=\count167
\calc@Bcount=\count168
\calc@Adimen=\dimen134
\calc@Bdimen=\dimen135
\calc@Askip=\skip47
\calc@Bskip=\skip48
LaTeX Info: Redefining \setlength on input line 80.
LaTeX Info: Redefining \addtolength on input line 81.
\calc@Ccount=\count169
\calc@Cskip=\skip49
)
(c:/w32tex/share/texmf-dist/tex/latex/graphics/keyval.sty
Package: keyval 2014/10/28 v1.15 key=value parser (DPC)
\KV@toks@=\toks14
)
(c:/w32tex/share/texmf-dist/tex/latex/bxjscls/bxjscompat.sty
Package: bxjscompat 2020/02/15 v1.9k BXJS document classes
)
(c:/w32tex/share/texmf-dist/tex/generic/iftex/ifpdf.sty
Package: ifpdf 2019/10/25 v3.4 ifpdf legacy package. Use iftex instead.

(c:/w32tex/share/texmf-dist/tex/generic/iftex/iftex.sty
Package: iftex 2019/11/07 v1.0c TeX engine tests
))
\stockwidth=\dimen136
\stockheight=\dimen137
\jsc@mpt=\dimen138
\jsc@mmm=\dimen139
\jsZw=\dimen140
\jsc@smallskipamount=\skip50
\Cht=\dimen141
\Cdp=\dimen142
\Cwd=\dimen143
\Cvs=\dimen144
\Chs=\dimen145
\fullwidth=\dimen146

(c:/w32tex/share/texmf-dist/tex/latex/geometry/geometry.sty
Package: geometry 2020/01/02 v5.9 Page Geometry

(c:/w32tex/share/texmf-dist/tex/generic/iftex/ifvtex.sty
Package: ifvtex 2019/10/25 v1.7 ifvtex legacy package. Use iftex instead.
)
\Gm@cnth=\count170
\Gm@cntv=\count171
\c@Gm@tempcnt=\count172
\Gm@bindingoffset=\dimen147
\Gm@wd@mp=\dimen148
\Gm@odd@mp=\dimen149
\Gm@even@mp=\dimen150
\Gm@layoutwidth=\dimen151
\Gm@layoutheight=\dimen152
\Gm@layouthoffset=\dimen153
\Gm@layoutvoffset=\dimen154
\Gm@dimlist=\toks15

(c:/w32tex/share/texmf-dist/tex/latex/geometry/geometry.cfg))
\c@part=\count173
\c@section=\count174
\c@subsection=\count175
\c@subsubsection=\count176
\c@paragraph=\count177
\c@subparagraph=\count178
\@abstractbox=\box45
\c@figure=\count179
\c@table=\count180
\abovecaptionskip=\skip51
\belowcaptionskip=\skip52
\jsc@tocl@width=\dimen155
\@lnumwidth=\dimen156
\bibindent=\dimen157

(c:/w32tex/share/texmf-dist/tex/latex/bxwareki/bxwareki.sty
Package: bxwareki 2019/06/01 v0.6
\c@warekiyear=\count181

(c:/w32tex/share/texmf-dist/tex/latex/bxwareki/bxwareki-cd.def
File: bxwareki-cd.def 2019/06/01 v0.6
))
(c:/w32tex/share/texmf-dist/tex/latex/bxjscls/bxjsja-standard.def
File: bxjsja-standard.def 2020/02/15 v1.9k BXJS document classes

(c:/w32tex/share/texmf-dist/tex/latex/bxjscls/bxjsja-minimal.def
File: bxjsja-minimal.def 2020/02/15 v1.9k BXJS document classes
\everypar=\toks16
)
(c:/w32tex/share/texmf-dist/tex/latex/bxcjkjatype/bxcjkjatype.sty
Package: bxcjkjatype 2016/10/15 v0.3
Package bxcjkjatype Info: Driver auto-detected: pdftex on input line 144.

(c:/w32tex/share/texmf-dist/tex/latex/cjk/texinput/CJK.sty
Package: CJK 2015/04/18 4.8.4

(c:/w32tex/share/texmf-dist/tex/latex/cjk/texinput/mule/MULEenc.sty
Package: MULEenc 2015/04/18 4.8.4
)
(c:/w32tex/share/texmf-dist/tex/latex/cjk/texinput/CJK.enc
File: CJK.enc 2015/04/18 4.8.4
Now handling font encoding C00 ...
... no UTF-8 mapping file for font encoding C00
Now handling font encoding C05 ...
... no UTF-8 mapping file for font encoding C05
Now handling font encoding C09 ...
... no UTF-8 mapping file for font encoding C09
Now handling font encoding C10 ...
... no UTF-8 mapping file for font encoding C10
Now handling font encoding C20 ...
... no UTF-8 mapping file for font encoding C20
Now handling font encoding C19 ...
... no UTF-8 mapping file for font encoding C19
Now handling font encoding C40 ...
... no UTF-8 mapping file for font encoding C40
Now handling font encoding C42 ...
... no UTF-8 mapping file for font encoding C42
Now handling font encoding C43 ...
... no UTF-8 mapping file for font encoding C43
Now handling font encoding C50 ...
... no UTF-8 mapping file for font encoding C50
Now handling font encoding C52 ...
... no UTF-8 mapping file for font encoding C52
Now handling font encoding C49 ...
... no UTF-8 mapping file for font encoding C49
Now handling font encoding C60 ...
... no UTF-8 mapping file for font encoding C60
Now handling font encoding C61 ...
... no UTF-8 mapping file for font encoding C61
Now handling font encoding C63 ...
... no UTF-8 mapping file for font encoding C63
Now handling font encoding C64 ...
... no UTF-8 mapping file for font encoding C64
Now handling font encoding C65 ...
... no UTF-8 mapping file for font encoding C65
Now handling font encoding C70 ...
... no UTF-8 mapping file for font encoding C70
Now handling font encoding C31 ...
... no UTF-8 mapping file for font encoding C31
Now handling font encoding C32 ...
... no UTF-8 mapping file for font encoding C32
Now handling font encoding C33 ...
... no UTF-8 mapping file for font encoding C33
Now handling font encoding C34 ...
... no UTF-8 mapping file for font encoding C34
Now handling font encoding C35 ...
... no UTF-8 mapping file for font encoding C35
Now handling font encoding C36 ...
... no UTF-8 mapping file for font encoding C36
Now handling font encoding C37 ...
... no UTF-8 mapping file for font encoding C37
Now handling font encoding C80 ...
... no UTF-8 mapping file for font encoding C80
Now handling font encoding C81 ...
... no UTF-8 mapping file for font encoding C81
Now handling font encoding C01 ...
... no UTF-8 mapping file for font encoding C01
Now handling font encoding C11 ...
... no UTF-8 mapping file for font encoding C11
Now handling font encoding C21 ...
... no UTF-8 mapping file for font encoding C21
Now handling font encoding C41 ...
... no UTF-8 mapping file for font encoding C41
Now handling font encoding C62 ...
... no UTF-8 mapping file for font encoding C62
)
LaTeX Info: Redefining \selectfont on input line 755.
\CJK@indent=\box46
)
(c:/w32tex/share/texmf-dist/tex/latex/cjk/texinput/CJKutf8.sty
Package: CJKutf8 2015/04/18 4.8.4

(c:/w32tex/share/texmf-dist/tex/latex/base/inputenc.sty
Package: inputenc 2018/08/11 v1.3c Input encoding file
\inpenc@prehook=\toks17
\inpenc@posthook=\toks18
)
(c:/w32tex/share/texmf-dist/tex/latex/base/fontenc.sty
Package: fontenc 2020/02/11 v2.0o Standard LaTeX package
))
(c:/w32tex/share/texmf-dist/tex/latex/cjk/texinput/CJKspace.sty
Package: CJKspace 2015/04/18 3.8.0
)
(c:/w32tex/share/texmf-dist/tex/latex/cjkpunct/CJKpunct.sty
Package: CJKpunct 2009/05/06 4.8.2
\CJKpunct@cnta=\count182
\CJKpunct@cntb=\count183
\CJKpunct@cntc=\count184
\CJKpunct@cntd=\count185
\CJKpunct@cnte=\count186
   defining Unicode char U+2018 (decimal 8216)
   defining Unicode char U+2019 (decimal 8217)
   defining Unicode char U+201C (decimal 8220)
   defining Unicode char U+201D (decimal 8221)
   defining Unicode char U+2014 (decimal 8212)
   defining Unicode char U+2026 (decimal 8230)
)
(c:/w32tex/share/texmf-dist/tex/latex/etoolbox/etoolbox.sty
Package: etoolbox 2019/09/21 v2.5h e-TeX tools for LaTeX (JAW)
\etb@tempcnta=\count187
)
(c:/w32tex/share/texmf-dist/tex/latex/cjk/texinput/UTF8/UTF8.bdg
File: UTF8.bdg 2015/04/18 4.8.4
))
\jsKanjiSkip=\skip53
\jsXKanjiSkip=\skip54
))
(c:/w32tex/share/texmf-dist/tex/latex/multirow/multirow.sty
Package: multirow 2019/05/31 v2.5 Span multiple rows of a table
\multirow@colwidth=\skip55
\multirow@cntb=\count188
\multirow@dima=\skip56
\bigstrutjot=\dimen158
)
(c:/w32tex/share/texmf-dist/tex/latex/here/here.sty)
(c:/w32tex/share/texmf-dist/tex/latex/float/float.sty
Package: float 2001/11/08 v1.3d Float enhancements (AL)
\c@float@type=\count189
\float@exts=\toks19
\float@box=\box47
\@float@everytoks=\toks20
\@floatcapt=\box48
)
(c:/w32tex/share/texmf-dist/tex/latex/ascmac/ascmac.sty
Package: ascmac 2020/01/15 v2.1 ascmac wrapper (community edition) 

(c:/w32tex/share/texmf-dist/tex/latex/ascmac/tascmac.sty
Package: tascmac 2020/01/15 v2.1 ascmac package (community edition) 
Package tascmac Info: Assuming pdfLaTeX, XeLaTeX or LuaLaTeX on input line 44.
\scb@x=\box49
\scscb@x=\box50
\@bw=\dimen159
\@nbox=\box51
\@nbody=\box52
\@scw=\dimen160
\ascmac@hoboxa=\box53
\ascmac@hoboxb=\box54
\@itemh=\dimen161
\@iboxpos=\toks21
\@iboxstr=\box55
\@bwsp=\box56
\@@bwsp=\box57
\@bcal=\count190
\shaderule=\dimen162
))
(c:/w32tex/share/texmf-dist/tex/latex/tools/enumerate.sty
Package: enumerate 2015/07/23 v3.00 enumerate extensions (DPC)
\@enLab=\toks22
)
(c:/w32tex/share/texmf-dist/tex/latex/graphics/graphicx.sty
Package: graphicx 2019/11/30 v1.2a Enhanced LaTeX Graphics (DPC,SPQR)

(c:/w32tex/share/texmf-dist/tex/latex/graphics/graphics.sty
Package: graphics 2019/11/30 v1.4a Standard LaTeX Graphics (DPC,SPQR)

(c:/w32tex/share/texmf-dist/tex/latex/graphics/trig.sty
Package: trig 2016/01/03 v1.10 sin cos tan (DPC)
)
(c:/w32tex/share/texmf-dist/tex/latex/graphics-cfg/graphics.cfg
File: graphics.cfg 2016/06/04 v1.11 sample graphics configuration
)
Package graphics Info: Driver file: pdftex.def on input line 105.

(c:/w32tex/share/texmf-dist/tex/latex/graphics-def/pdftex.def
File: pdftex.def 2018/01/08 v1.0l Graphics/color driver for pdftex
))
\Gin@req@height=\dimen163
\Gin@req@width=\dimen164
)
(c:/w32tex/share/texmf-dist/tex/latex/caption/subcaption.sty
Package: subcaption 2020/01/22 v1.3d Sub-captions (AR)

(c:/w32tex/share/texmf-dist/tex/latex/caption/caption.sty
Package: caption 2020/01/03 v3.4h Customizing captions (AR)

(c:/w32tex/share/texmf-dist/tex/latex/caption/caption3.sty
Package: caption3 2020/01/03 v1.8h caption3 kernel (AR)
Package caption3 Info: TeX engine: e-TeX on input line 61.
\captionmargin=\dimen165
\captionmargin@=\dimen166
\captionwidth=\dimen167
\caption@tempdima=\dimen168
\caption@indent=\dimen169
\caption@parindent=\dimen170
\caption@hangindent=\dimen171
Package caption Info: Unknown document class (or package),
(caption)             standard defaults will be used.
Package caption Info: \@makecaption = \long macro:#1#2->{\small \advance \lefts
kip .0628\linewidth \advance \rightskip .0628\linewidth \vskip \abovecaptionski
p \sbox \@tempboxa {#1\zwspace #2}\ifdim \wd \@tempboxa <\hsize \centering \fi 
#1\zwspace #2\par \vskip \belowcaptionskip } on input line 1082.
)

Package caption Warning: Unknown document class (or package),
(caption)                standard defaults will be used.
See the caption package documentation for explanation.

\c@caption@flags=\count191
\c@continuedfloat=\count192
Package caption Info: float package is loaded.
)
\c@subfigure=\count193
\c@subtable=\count194
) (c:/w32tex/share/texmf-dist/tex/latex/amsmath/amsmath.sty
Package: amsmath 2020/01/20 v2.17e AMS math features
\@mathmargin=\skip57

For additional information on amsmath, use the `?' option.
(c:/w32tex/share/texmf-dist/tex/latex/amsmath/amstext.sty
Package: amstext 2000/06/29 v2.01 AMS text

(c:/w32tex/share/texmf-dist/tex/latex/amsmath/amsgen.sty
File: amsgen.sty 1999/11/30 v2.0 generic functions
\@emptytoks=\toks23
\ex@=\dimen172
))
(c:/w32tex/share/texmf-dist/tex/latex/amsmath/amsbsy.sty
Package: amsbsy 1999/11/29 v1.2d Bold Symbols
\pmbraise@=\dimen173
)
(c:/w32tex/share/texmf-dist/tex/latex/amsmath/amsopn.sty
Package: amsopn 2016/03/08 v2.02 operator names
)
\inf@bad=\count195
LaTeX Info: Redefining \frac on input line 227.
\uproot@=\count196
\leftroot@=\count197
LaTeX Info: Redefining \overline on input line 389.
\classnum@=\count198
\DOTSCASE@=\count199
LaTeX Info: Redefining \ldots on input line 486.
LaTeX Info: Redefining \dots on input line 489.
LaTeX Info: Redefining \cdots on input line 610.
\Mathstrutbox@=\box58
\strutbox@=\box59
\big@size=\dimen174
LaTeX Font Info:    Redeclaring font encoding OML on input line 733.
LaTeX Font Info:    Redeclaring font encoding OMS on input line 734.
\macc@depth=\count266
\c@MaxMatrixCols=\count267
\dotsspace@=\muskip16
\c@parentequation=\count268
\dspbrk@lvl=\count269
\tag@help=\toks24
\row@=\count270
\column@=\count271
\maxfields@=\count272
\andhelp@=\toks25
\eqnshift@=\dimen175
\alignsep@=\dimen176
\tagshift@=\dimen177
\tagwidth@=\dimen178
\totwidth@=\dimen179
\lineht@=\dimen180
\@envbody=\toks26
\multlinegap=\skip58
\multlinetaggap=\skip59
\mathdisplay@stack=\toks27
LaTeX Info: Redefining \[ on input line 2859.
LaTeX Info: Redefining \] on input line 2860.
)
(c:/w32tex/share/texmf-dist/tex/latex/mathtools/mathtools.sty
Package: mathtools 2020/01/17 v1.23 mathematical typesetting tools

(c:/w32tex/share/texmf-dist/tex/latex/mathtools/mhsetup.sty
Package: mhsetup 2017/03/31 v1.3 programming setup (MH)
)
LaTeX Info: Thecontrolsequence`\('isalreadyrobust on input line 129.
LaTeX Info: Thecontrolsequence`\)'isalreadyrobust on input line 129.
LaTeX Info: Thecontrolsequence`\['isalreadyrobust on input line 129.
LaTeX Info: Thecontrolsequence`\]'isalreadyrobust on input line 129.
\g_MT_multlinerow_int=\count273
\l_MT_multwidth_dim=\dimen181
\origjot=\skip60
\l_MT_shortvdotswithinadjustabove_dim=\dimen182
\l_MT_shortvdotswithinadjustbelow_dim=\dimen183
\l_MT_above_intertext_sep=\dimen184
\l_MT_below_intertext_sep=\dimen185
\l_MT_above_shortintertext_sep=\dimen186
\l_MT_below_shortintertext_sep=\dimen187
)
(c:/w32tex/share/texmf-dist/tex/latex/txr/txfonts.sty
Package: txfonts 2008/01/22 v3.2.1
LaTeX Font Info:    Redeclaring symbol font `operators' on input line 21.
LaTeX Font Info:    Overwriting symbol font `operators' in version `normal'
(Font)                  OT1/cmr/m/n --> OT1/txr/m/n on input line 21.
LaTeX Font Info:    Overwriting symbol font `operators' in version `bold'
(Font)                  OT1/cmr/bx/n --> OT1/txr/m/n on input line 21.
LaTeX Font Info:    Overwriting symbol font `operators' in version `bold'
(Font)                  OT1/txr/m/n --> OT1/txr/bx/n on input line 22.
\symitalic=\mathgroup4
LaTeX Font Info:    Overwriting symbol font `italic' in version `bold'
(Font)                  OT1/txr/m/it --> OT1/txr/bx/it on input line 26.
LaTeX Font Info:    Redeclaring math alphabet \mathbf on input line 29.
LaTeX Font Info:    Overwriting math alphabet `\mathbf' in version `normal'
(Font)                  OT1/cmr/bx/n --> OT1/txr/bx/n on input line 29.
LaTeX Font Info:    Overwriting math alphabet `\mathbf' in version `bold'
(Font)                  OT1/cmr/bx/n --> OT1/txr/bx/n on input line 29.
LaTeX Font Info:    Redeclaring math alphabet \mathit on input line 30.
LaTeX Font Info:    Overwriting math alphabet `\mathit' in version `normal'
(Font)                  OT1/cmr/m/it --> OT1/txr/m/it on input line 30.
LaTeX Font Info:    Overwriting math alphabet `\mathit' in version `bold'
(Font)                  OT1/cmr/bx/it --> OT1/txr/m/it on input line 30.
LaTeX Font Info:    Overwriting math alphabet `\mathit' in version `bold'
(Font)                  OT1/txr/m/it --> OT1/txr/bx/it on input line 31.
LaTeX Font Info:    Redeclaring math alphabet \mathsf on input line 40.
LaTeX Font Info:    Overwriting math alphabet `\mathsf' in version `normal'
(Font)                  OT1/cmss/m/n --> OT1/txss/m/n on input line 40.
LaTeX Font Info:    Overwriting math alphabet `\mathsf' in version `bold'
(Font)                  OT1/cmss/bx/n --> OT1/txss/m/n on input line 40.
LaTeX Font Info:    Overwriting math alphabet `\mathsf' in version `bold'
(Font)                  OT1/txss/m/n --> OT1/txss/b/n on input line 41.
LaTeX Font Info:    Redeclaring math alphabet \mathtt on input line 50.
LaTeX Font Info:    Overwriting math alphabet `\mathtt' in version `normal'
(Font)                  OT1/cmtt/m/n --> OT1/txtt/m/n on input line 50.
LaTeX Font Info:    Overwriting math alphabet `\mathtt' in version `bold'
(Font)                  OT1/cmtt/m/n --> OT1/txtt/m/n on input line 50.
LaTeX Font Info:    Overwriting math alphabet `\mathtt' in version `bold'
(Font)                  OT1/txtt/m/n --> OT1/txtt/b/n on input line 51.
LaTeX Font Info:    Redeclaring symbol font `letters' on input line 58.
LaTeX Font Info:    Overwriting symbol font `letters' in version `normal'
(Font)                  OML/cmm/m/it --> OML/txmi/m/it on input line 58.
LaTeX Font Info:    Overwriting symbol font `letters' in version `bold'
(Font)                  OML/cmm/b/it --> OML/txmi/m/it on input line 58.
LaTeX Font Info:    Overwriting symbol font `letters' in version `bold'
(Font)                  OML/txmi/m/it --> OML/txmi/bx/it on input line 59.
\symlettersA=\mathgroup5
LaTeX Font Info:    Overwriting symbol font `lettersA' in version `bold'
(Font)                  U/txmia/m/it --> U/txmia/bx/it on input line 67.
LaTeX Font Info:    Redeclaring symbol font `symbols' on input line 77.
LaTeX Font Info:    Overwriting symbol font `symbols' in version `normal'
(Font)                  OMS/cmsy/m/n --> OMS/txsy/m/n on input line 77.
LaTeX Font Info:    Overwriting symbol font `symbols' in version `bold'
(Font)                  OMS/cmsy/b/n --> OMS/txsy/m/n on input line 77.
LaTeX Font Info:    Overwriting symbol font `symbols' in version `bold'
(Font)                  OMS/txsy/m/n --> OMS/txsy/bx/n on input line 78.
\symAMSa=\mathgroup6
LaTeX Font Info:    Overwriting symbol font `AMSa' in version `bold'
(Font)                  U/txsya/m/n --> U/txsya/bx/n on input line 94.
\symAMSb=\mathgroup7
LaTeX Font Info:    Overwriting symbol font `AMSb' in version `bold'
(Font)                  U/txsyb/m/n --> U/txsyb/bx/n on input line 103.
\symsymbolsC=\mathgroup8
LaTeX Font Info:    Overwriting symbol font `symbolsC' in version `bold'
(Font)                  U/txsyc/m/n --> U/txsyc/bx/n on input line 113.
LaTeX Font Info:    Redeclaring symbol font `largesymbols' on input line 120.
LaTeX Font Info:    Overwriting symbol font `largesymbols' in version `normal'
(Font)                  OMX/cmex/m/n --> OMX/txex/m/n on input line 120.
LaTeX Font Info:    Overwriting symbol font `largesymbols' in version `bold'
(Font)                  OMX/cmex/m/n --> OMX/txex/m/n on input line 120.
LaTeX Font Info:    Overwriting symbol font `largesymbols' in version `bold'
(Font)                  OMX/txex/m/n --> OMX/txex/bx/n on input line 121.
\symlargesymbolsA=\mathgroup9
LaTeX Font Info:    Overwriting symbol font `largesymbolsA' in version `bold'
(Font)                  U/txexa/m/n --> U/txexa/bx/n on input line 129.
LaTeX Font Info:    Redeclaring math symbol \mathsterling on input line 164.
LaTeX Font Info:    Redeclaring math symbol \hbar on input line 591.
LaTeX Info: Redefining \not on input line 1043.
)
(c:/w32tex/share/texmf-dist/tex/latex/comment/comment.sty
\CommentStream=\write3

Excluding comment 'comment') (c:/w32tex/share/texmf-dist/tex/latex/tools/bm.sty
Package: bm 2019/07/24 v1.2d Bold Symbol Support (DPC/FMi)
\symboldoperators=\mathgroup10
\symboldletters=\mathgroup11
\symboldsymbols=\mathgroup12
\symboldlargesymbols=\mathgroup13
LaTeX Font Info:    Redeclaring math alphabet \mathbf on input line 141.
LaTeX Info: Redefining \bm on input line 209.
)

Package geometry Warning: Over-specification in `h'-direction.
    `width' (414.70561pt) is ignored.


Package geometry Warning: Over-specification in `v'-direction.
    `height' (640.53917pt) is ignored.

(c:/w32tex/share/texmf-dist/tex/latex/l3backend/l3backend-pdfmode.def
File: l3backend-pdfmode.def 2020-02-23 L3 backend support: PDF mode
\l__kernel_color_stack_int=\count274
\l__pdf_internal_box=\box60
)
(./順列エントロピーについて.aux)
\openout1 = `順列エントロピーについて.aux'.

LaTeX Font Info:    Checking defaults for OML/txmi/m/it on input line 36.
LaTeX Font Info:    Trying to load font information for OML+txmi on input line 
36.

(c:/w32tex/share/texmf-dist/tex/latex/txr/omltxmi.fd
File: omltxmi.fd 2000/12/15 v3.1
)
LaTeX Font Info:    ... okay on input line 36.
LaTeX Font Info:    Checking defaults for OMS/txsy/m/n on input line 36.
LaTeX Font Info:    Trying to load font information for OMS+txsy on input line 
36.

(c:/w32tex/share/texmf-dist/tex/latex/txr/omstxsy.fd
File: omstxsy.fd 2000/12/15 v3.1
)
LaTeX Font Info:    ... okay on input line 36.
LaTeX Font Info:    Checking defaults for OT1/cmr/m/n on input line 36.
LaTeX Font Info:    ... okay on input line 36.
LaTeX Font Info:    Checking defaults for T1/cmr/m/n on input line 36.
LaTeX Font Info:    ... okay on input line 36.
LaTeX Font Info:    Checking defaults for TS1/cmr/m/n on input line 36.
LaTeX Font Info:    ... okay on input line 36.
LaTeX Font Info:    Checking defaults for OMX/txex/m/n on input line 36.
LaTeX Font Info:    Trying to load font information for OMX+txex on input line 
36.

(c:/w32tex/share/texmf-dist/tex/latex/txr/omxtxex.fd
File: omxtxex.fd 2000/12/15 v3.1
)
LaTeX Font Info:    ... okay on input line 36.
LaTeX Font Info:    Checking defaults for U/txexa/m/n on input line 36.
LaTeX Font Info:    Trying to load font information for U+txexa on input line 3
6.

(c:/w32tex/share/texmf-dist/tex/latex/txr/utxexa.fd
File: utxexa.fd 2000/12/15 v3.1
)
LaTeX Font Info:    ... okay on input line 36.
LaTeX Font Info:    Checking defaults for C00/song/m/n on input line 36.
LaTeX Font Info:    ... okay on input line 36.
LaTeX Font Info:    Checking defaults for C05/song/m/n on input line 36.
LaTeX Font Info:    ... okay on input line 36.
LaTeX Font Info:    Checking defaults for C09/song/m/n on input line 36.
LaTeX Font Info:    ... okay on input line 36.
LaTeX Font Info:    Checking defaults for C10/song/m/n on input line 36.
LaTeX Font Info:    ... okay on input line 36.
LaTeX Font Info:    Checking defaults for C20/song/m/n on input line 36.
LaTeX Font Info:    ... okay on input line 36.
LaTeX Font Info:    Checking defaults for C19/song/m/n on input line 36.
LaTeX Font Info:    ... okay on input line 36.
LaTeX Font Info:    Checking defaults for C40/song/m/n on input line 36.
LaTeX Font Info:    ... okay on input line 36.
LaTeX Font Info:    Checking defaults for C42/song/m/n on input line 36.
LaTeX Font Info:    ... okay on input line 36.
LaTeX Font Info:    Checking defaults for C43/song/m/n on input line 36.
LaTeX Font Info:    ... okay on input line 36.
LaTeX Font Info:    Checking defaults for C50/song/m/n on input line 36.
LaTeX Font Info:    ... okay on input line 36.
LaTeX Font Info:    Checking defaults for C52/song/m/n on input line 36.
LaTeX Font Info:    ... okay on input line 36.
LaTeX Font Info:    Checking defaults for C49/song/m/n on input line 36.
LaTeX Font Info:    ... okay on input line 36.
LaTeX Font Info:    Checking defaults for C60/mj/m/n on input line 36.
LaTeX Font Info:    ... okay on input line 36.
LaTeX Font Info:    Checking defaults for C61/mj/m/n on input line 36.
LaTeX Font Info:    ... okay on input line 36.
LaTeX Font Info:    Checking defaults for C63/mj/m/n on input line 36.
LaTeX Font Info:    ... okay on input line 36.
LaTeX Font Info:    Checking defaults for C64/mj/m/n on input line 36.
LaTeX Font Info:    ... okay on input line 36.
LaTeX Font Info:    Checking defaults for C65/mj/m/n on input line 36.
LaTeX Font Info:    ... okay on input line 36.
LaTeX Font Info:    Checking defaults for C70/song/m/n on input line 36.
LaTeX Font Info:    ... okay on input line 36.
LaTeX Font Info:    Checking defaults for C31/song/m/n on input line 36.
LaTeX Font Info:    ... okay on input line 36.
LaTeX Font Info:    Checking defaults for C32/song/m/n on input line 36.
LaTeX Font Info:    ... okay on input line 36.
LaTeX Font Info:    Checking defaults for C33/song/m/n on input line 36.
LaTeX Font Info:    ... okay on input line 36.
LaTeX Font Info:    Checking defaults for C34/song/m/n on input line 36.
LaTeX Font Info:    ... okay on input line 36.
LaTeX Font Info:    Checking defaults for C35/song/m/n on input line 36.
LaTeX Font Info:    ... okay on input line 36.
LaTeX Font Info:    Checking defaults for C36/song/m/n on input line 36.
LaTeX Font Info:    ... okay on input line 36.
LaTeX Font Info:    Checking defaults for C37/song/m/n on input line 36.
LaTeX Font Info:    ... okay on input line 36.
LaTeX Font Info:    Checking defaults for C80/song/m/n on input line 36.
LaTeX Font Info:    ... okay on input line 36.
LaTeX Font Info:    Checking defaults for C81/song/m/n on input line 36.
LaTeX Font Info:    ... okay on input line 36.
LaTeX Font Info:    Checking defaults for C01/song/m/n on input line 36.
LaTeX Font Info:    ... okay on input line 36.
LaTeX Font Info:    Checking defaults for C11/song/m/n on input line 36.
LaTeX Font Info:    ... okay on input line 36.
LaTeX Font Info:    Checking defaults for C21/song/m/n on input line 36.
LaTeX Font Info:    ... okay on input line 36.
LaTeX Font Info:    Checking defaults for C41/song/m/n on input line 36.
LaTeX Font Info:    ... okay on input line 36.
LaTeX Font Info:    Checking defaults for C62/song/m/n on input line 36.
LaTeX Font Info:    ... okay on input line 36.
LaTeX Font Info:    Trying to load font information for OT1+txr on input line 3
6.

(c:/w32tex/share/texmf-dist/tex/latex/txr/ot1txr.fd
File: ot1txr.fd 2000/12/15 v3.1
)
*geometry* driver: auto-detecting
*geometry* detected driver: pdftex
*geometry* verbose mode - [ preamble ] result:
* driver: pdftex
* paper: a4paper
* layout: <same size as paper>
* layoutoffset:(h,v)=(0.0pt,0.0pt)
* hratio: 1:1
* vratio: 1:1
* modes: includehead includefoot truedimen 
* h-part:(L,W,R)=(25.98424pt, 493.70076pt, 25.98424pt)
* v-part:(T,H,B)=(25.98424pt, 719.76376pt, 25.98424pt)
* \paperwidth=545.66924pt
* \paperheight=771.73224pt
* \textwidth=490.09796pt
* \textheight=666.0pt
* \oddsidemargin=-38.21411pt
* \evensidemargin=-38.21411pt
* \topmargin=-49.12259pt
* \headheight=20.0pt
* \headsep=15.98897pt
* \topskip=10.0pt
* \footskip=25.98897pt
* \marginparwidth=-18.49426pt
* \marginparsep=18.49426pt
* \columnsep=18.49426pt
* \skip\footins=16.0pt plus 5.0pt minus 2.0pt
* \hoffset=0.00548pt
* \voffset=0.00548pt
* \mag=1095
* \@twocolumnfalse
* \@twosidefalse
* \@mparswitchfalse
* \@reversemarginfalse
* (1in=72.27pt=25.4mm, 1cm=28.453pt)

(c:/w32tex/share/texmf-dist/tex/latex/cjk/texinput/UTF8/UTF8.enc
File: UTF8.enc 2015/04/18 4.8.4
)
(c:/w32tex/share/texmf-dist/tex/latex/cjk/texinput/UTF8/UTF8.chr
File: UTF8.chr 2015/04/18 4.8.4
)
(c:/w32tex/share/texmf-dist/tex/context/base/mkii/supp-pdf.mkii
[Loading MPS to PDF converter (version 2006.09.02).]
\scratchcounter=\count275
\scratchdimen=\dimen188
\scratchbox=\box61
\nofMPsegments=\count276
\nofMParguments=\count277
\everyMPshowfont=\toks28
\MPscratchCnt=\count278
\MPscratchDim=\dimen189
\MPnumerator=\count279
\makeMPintoPDFobject=\count280
\everyMPtoPDFconversion=\toks29
) (c:/w32tex/share/texmf-dist/tex/latex/epstopdf-pkg/epstopdf-base.sty
Package: epstopdf-base 2020-01-24 v2.11 Base part for package epstopdf
Package epstopdf-base Info: Redefining graphics rule for `.eps' on input line 4
85.

(c:/w32tex/share/texmf-dist/tex/latex/config/epstopdf-sys.cfg
File: epstopdf-sys.cfg 2010/07/13 v1.3 Configuration of (r)epstopdf for TeX Liv
e
))
Package caption Info: Begin \AtBeginDocument code.
Package caption Info: End \AtBeginDocument code.
LaTeX Font Info:    Font shape `C70/mc/m/n' will be
(Font)              scaled to size 15.97903pt on input line 37.
LaTeX Font Info:    Font shape `C70/mc/m/n' will be
(Font)              scaled to size 15.97903pt on input line 37.
LaTeX Font Info:    Font shape `C70/mc/m/n' will be
(Font)              scaled to size 15.97903pt on input line 37.
Package CJKpunct Info: punctuation spaces for family 'mc' do not exist. Use fam
ily 'def' instead. on input line 37.
LaTeX Font Info:    Font shape `C70/mc/m/n' will be
(Font)              scaled to size 15.97903pt on input line 37.
LaTeX Font Info:    Font shape `C70/mc/m/n' will be
(Font)              scaled to size 15.97903pt on input line 37.
LaTeX Font Info:    Trying to load font information for U+txmia on input line 3
7.

(c:/w32tex/share/texmf-dist/tex/latex/txr/utxmia.fd
File: utxmia.fd 2000/12/15 v3.1
)
LaTeX Font Info:    Trying to load font information for U+txsya on input line 3
7.

(c:/w32tex/share/texmf-dist/tex/latex/txr/utxsya.fd
File: utxsya.fd 2000/12/15 v3.1
)
LaTeX Font Info:    Trying to load font information for U+txsyb on input line 3
7.

(c:/w32tex/share/texmf-dist/tex/latex/txr/utxsyb.fd
File: utxsyb.fd 2000/12/15 v3.1
)
LaTeX Font Info:    Trying to load font information for U+txsyc on input line 3
7.

(c:/w32tex/share/texmf-dist/tex/latex/txr/utxsyc.fd
File: utxsyc.fd 2000/12/15 v3.1
)

LaTeX Warning: No \author given.

LaTeX Font Info:    Font shape `C70/mc/m/n' will be
(Font)              scaled to size 11.09656pt on input line 37.
LaTeX Font Info:    Font shape `C70/mc/m/n' will be
(Font)              scaled to size 11.09656pt on input line 37.
LaTeX Font Info:    Font shape `C70/mc/m/n' will be
(Font)              scaled to size 11.09656pt on input line 37.
LaTeX Font Info:    Trying to load font information for OT1+txss on input line 
39.
(c:/w32tex/share/texmf-dist/tex/latex/txr/ot1txss.fd
File: ot1txss.fd 2000/12/15 v3.1
)
LaTeX Font Info:    Font shape `OT1/txss/m/n' will be
(Font)              scaled to size 13.67995pt on input line 39.
LaTeX Font Info:    Font shape `C70/gt/m/n' will be
(Font)              scaled to size 13.31586pt on input line 39.
LaTeX Font Info:    Font shape `C70/gt/m/n' will be
(Font)              scaled to size 13.31586pt on input line 39.
LaTeX Font Info:    Font shape `C70/gt/m/n' will be
(Font)              scaled to size 13.31586pt on input line 39.
Package CJKpunct Info: punctuation spaces for family 'gt' do not exist. Use fam
ily 'def' instead. on input line 39.
LaTeX Font Info:    Font shape `C70/mc/m/n' will be
(Font)              scaled to size 9.24713pt on input line 40.
LaTeX Font Info:    Font shape `C70/mc/m/n' will be
(Font)              scaled to size 9.24713pt on input line 40.
LaTeX Font Info:    Font shape `C70/mc/m/n' will be
(Font)              scaled to size 9.24713pt on input line 40.
LaTeX Font Info:    Font shape `C70/mc/m/n' will be
(Font)              scaled to size 9.24713pt on input line 40.
LaTeX Font Info:    Font shape `C70/mc/m/n' will be
(Font)              scaled to size 9.24713pt on input line 40.
LaTeX Font Info:    Font shape `C70/mc/m/n' will be
(Font)              scaled to size 9.24713pt on input line 40.
LaTeX Font Info:    Font shape `C70/mc/m/n' will be
(Font)              scaled to size 9.24713pt on input line 40.
LaTeX Font Info:    Font shape `C70/mc/m/n' will be
(Font)              scaled to size 9.24713pt on input line 40.
LaTeX Font Info:    Font shape `C70/mc/m/n' will be
(Font)              scaled to size 9.24713pt on input line 40.
LaTeX Font Info:    Font shape `C70/mc/m/n' will be
(Font)              scaled to size 9.24713pt on input line 40.
LaTeX Font Info:    Font shape `C70/mc/m/n' will be
(Font)              scaled to size 9.24713pt on input line 40.
LaTeX Font Info:    Font shape `C70/mc/m/n' will be
(Font)              scaled to size 9.24713pt on input line 40.
LaTeX Font Info:    Font shape `C70/mc/m/n' will be
(Font)              scaled to size 9.24713pt on input line 40.
LaTeX Font Info:    Font shape `C70/mc/m/n' will be
(Font)              scaled to size 9.24713pt on input line 40.
LaTeX Font Info:    Font shape `C70/mc/m/n' will be
(Font)              scaled to size 9.24713pt on input line 40.
LaTeX Font Info:    Font shape `C70/mc/m/n' will be
(Font)              scaled to size 9.24713pt on input line 40.
LaTeX Font Info:    Font shape `C70/mc/m/n' will be
(Font)              scaled to size 9.24713pt on input line 40.
LaTeX Font Info:    Font shape `C70/mc/m/n' will be
(Font)              scaled to size 9.24713pt on input line 40.
LaTeX Font Info:    Font shape `C70/mc/m/n' will be
(Font)              scaled to size 9.24713pt on input line 40.
LaTeX Font Info:    Font shape `C70/mc/m/n' will be
(Font)              scaled to size 9.24713pt on input line 40.
LaTeX Font Info:    Font shape `C70/mc/m/n' will be
(Font)              scaled to size 9.24713pt on input line 40.
LaTeX Font Info:    Font shape `C70/mc/m/n' will be
(Font)              scaled to size 9.24713pt on input line 40.
LaTeX Font Info:    Font shape `C70/mc/m/n' will be
(Font)              scaled to size 9.24713pt on input line 40.
LaTeX Font Info:    Font shape `C70/mc/m/n' will be
(Font)              scaled to size 9.24713pt on input line 40.
LaTeX Font Info:    Font shape `C70/mc/m/n' will be
(Font)              scaled to size 9.24713pt on input line 40.
LaTeX Font Info:    Font shape `C70/mc/m/n' will be
(Font)              scaled to size 9.24713pt on input line 40.
LaTeX Font Info:    Font shape `C70/mc/m/n' will be
(Font)              scaled to size 9.24713pt on input line 41.
LaTeX Font Info:    Font shape `C70/mc/m/n' will be
(Font)              scaled to size 9.24713pt on input line 41.
LaTeX Font Info:    Font shape `C70/mc/m/n' will be
(Font)              scaled to size 9.24713pt on input line 41.
LaTeX Font Info:    Font shape `C70/mc/m/n' will be
(Font)              scaled to size 9.24713pt on input line 41.
Class bxjsarticle Info: Old font command '\rm' is used!!
(bxjsarticle)           The first occurrence is on input line 41.
LaTeX Font Info:    Font shape `C70/mc/m/n' will be
(Font)              scaled to size 9.24713pt on input line 41.
LaTeX Font Info:    Font shape `C70/mc/m/n' will be
(Font)              scaled to size 9.24713pt on input line 41.


pdfTeX warning: pdflatex.exe (file ../figures/crop_PE1ver2.pdf): PDF inclusion:
 found PDF version <1.7>, but at most version <1.5> allowed
<../figures/crop_PE1ver2.pdf, id=35, 294.09875pt x 186.6975pt>
File: ../figures/crop_PE1ver2.pdf Graphic file (type pdf)
<use ../figures/crop_PE1ver2.pdf>
Package pdftex.def Info: ../figures/crop_PE1ver2.pdf  used on input line 44.
(pdftex.def)             Requested size: 196.03618pt x 124.4457pt.
LaTeX Font Info:    Font shape `C70/mc/m/n' will be
(Font)              scaled to size 9.24713pt on input line 46.
LaTeX Font Info:    Font shape `C70/mc/m/n' will be
(Font)              scaled to size 9.24713pt on input line 49.
LaTeX Font Info:    Font shape `C70/mc/m/n' will be
(Font)              scaled to size 9.24713pt on input line 49.


pdfTeX warning: pdflatex.exe (file ../figures/crop_PE2.pdf): PDF inclusion: fou
nd PDF version <1.7>, but at most version <1.5> allowed
<../figures/crop_PE2.pdf, id=39, 414.54875pt x 265.99374pt>
File: ../figures/crop_PE2.pdf Graphic file (type pdf)
<use ../figures/crop_PE2.pdf>
Package pdftex.def Info: ../figures/crop_PE2.pdf  used on input line 52.
(pdftex.def)             Requested size: 269.55537pt x 172.96288pt.
LaTeX Font Info:    Font shape `C70/mc/m/n' will be
(Font)              scaled to size 9.24713pt on input line 57.
LaTeX Font Info:    Font shape `C70/mc/m/n' will be
(Font)              scaled to size 9.24713pt on input line 57.
[1

{c:/w32tex/share/texmf-dist/fonts/map/pdftex/updmap/pdftex.map} <../figures/cro
p_PE1ver2.pdf> <../figures/crop_PE2.pdf

pdfTeX warning: pdflatex.exe (file ../figures/crop_PE2.pdf): PDF inclusion: mul
tiple pdfs with page group included in a single page
>]

pdfTeX warning: pdflatex.exe (file ../figures/crop_PE3.pdf): PDF inclusion: fou
nd PDF version <1.7>, but at most version <1.5> allowed
<../figures/crop_PE3.pdf, id=138, 299.1175pt x 192.72pt>
File: ../figures/crop_PE3.pdf Graphic file (type pdf)
<use ../figures/crop_PE3.pdf>
Package pdftex.def Info: ../figures/crop_PE3.pdf  used on input line 73.
(pdftex.def)             Requested size: 294.06177pt x 189.47595pt.
LaTeX Font Info:    Font shape `C70/mc/m/n' will be
(Font)              scaled to size 9.24713pt on input line 78.
LaTeX Font Info:    Font shape `C70/mc/m/n' will be
(Font)              scaled to size 9.24713pt on input line 78.
LaTeX Font Info:    Font shape `C70/mc/m/n' will be
(Font)              scaled to size 9.24713pt on input line 78.
LaTeX Font Info:    Font shape `C70/mc/m/n' will be
(Font)              scaled to size 9.24713pt on input line 78.
LaTeX Font Info:    Font shape `C70/mc/m/n' will be
(Font)              scaled to size 9.24713pt on input line 78.
LaTeX Font Info:    Font shape `C70/mc/m/n' will be
(Font)              scaled to size 9.24713pt on input line 78.
LaTeX Font Info:    Font shape `C70/mc/m/n' will be
(Font)              scaled to size 9.24713pt on input line 82.
LaTeX Font Info:    Font shape `C70/mc/m/n' will be
(Font)              scaled to size 9.24713pt on input line 82.
LaTeX Font Info:    Font shape `C70/gt/m/n' will be
(Font)              scaled to size 13.31586pt on input line 86.
LaTeX Font Info:    Font shape `C70/gt/m/n' will be
(Font)              scaled to size 13.31586pt on input line 86.
LaTeX Font Info:    Font shape `C70/gt/m/n' will be
(Font)              scaled to size 13.31586pt on input line 86.
LaTeX Font Info:    Font shape `C70/gt/m/n' will be
(Font)              scaled to size 13.31586pt on input line 86.
LaTeX Font Info:    Font shape `OT1/txr/b/n' in size <10> not available
(Font)              Font shape `OT1/txr/bx/n' tried instead on input line 88.
[2 <../figures/crop_PE3.pdf>]

Class bxjsarticle Warning: Some old font commands were used in text:
(bxjsarticle)                \rm
(bxjsarticle)              You should note, that since 1994 LaTeX2e provides a
(bxjsarticle)              new font selection scheme called NFSS2 with several
(bxjsarticle)              new, combinable font commands. The class provides
(bxjsarticle)              the old font commands only for compatibility.

(./順列エントロピーについて.aux) ) 
Here is how much of TeX's memory you used:
 9385 strings out of 480994
 135398 string characters out of 5914517
 373395 words of memory out of 5000000
 24577 multiletter control sequences out of 15000+600000
 594439 words of font info for 205 fonts, out of 8000000 for 9000
 1146 hyphenation exceptions out of 8191
 48i,12n,46p,895b,364s stack positions out of 5000i,500n,10000p,500000b,80000s
{c:/w32tex/share/texmf-dist/fonts
/enc/dvips/ipaex-type1/ipxt1-u73.enc}{c:/w32tex/share/texmf-dist/fonts/enc/dvip
s/ipaex-type1/ipxt1-u65.enc}{c:/w32tex/share/texmf-dist/fonts/enc/dvips/ipaex-t
ype1/ipxt1-u80.enc}{c:/w32tex/share/texmf-dist/fonts/enc/dvips/ipaex-type1/ipxt
1-u53.enc}{c:/w32tex/share/texmf-dist/fonts/enc/dvips/ipaex-type1/ipxt1-u9a.enc
}{c:/w32tex/share/texmf-dist/fonts/enc/dvips/ipaex-type1/ipxt1-u54.enc}{c:/w32t
ex/share/texmf-dist/fonts/enc/dvips/ipaex-type1/ipxt1-u78.enc}{c:/w32tex/share/
texmf-dist/fonts/enc/dvips/ipaex-type1/ipxt1-u7f.enc}{c:/w32tex/share/texmf-dis
t/fonts/enc/dvips/ipaex-type1/ipxt1-u58.enc}{c:/w32tex/share/texmf-dist/fonts/e
nc/dvips/ipaex-type1/ipxt1-u60.enc}{c:/w32tex/share/texmf-dist/fonts/enc/dvips/
ipaex-type1/ipxt1-u79.enc}{c:/w32tex/share/texmf-dist/fonts/enc/dvips/ipaex-typ
e1/ipxt1-u77.enc}{c:/w32tex/share/texmf-dist/fonts/enc/dvips/ipaex-type1/ipxt1-
u70.enc}{c:/w32tex/share/texmf-dist/fonts/enc/dvips/ipaex-type1/ipxt1-u56.enc}{
c:/w32tex/share/texmf-dist/fonts/enc/dvips/ipaex-type1/ipxt1-u8f.enc}{c:/w32tex
/share/texmf-dist/fonts/enc/dvips/ipaex-type1/ipxt1-u57.enc}{c:/w32tex/share/te
xmf-dist/fonts/enc/dvips/txr/tx8r.enc}{c:/w32tex/share/texmf-dist/fonts/enc/dvi
ps/ipaex-type1/ipxt1-u90.enc}{c:/w32tex/share/texmf-dist/fonts/enc/dvips/ipaex-
type1/ipxt1-u51.enc}{c:/w32tex/share/texmf-dist/fonts/enc/dvips/ipaex-type1/ipx
t1-u6b.enc}{c:/w32tex/share/texmf-dist/fonts/enc/dvips/ipaex-type1/ipxt1-u62.en
c}{c:/w32tex/share/texmf-dist/fonts/enc/dvips/ipaex-type1/ipxt1-u7b.enc}{c:/w32
tex/share/texmf-dist/fonts/enc/dvips/ipaex-type1/ipxt1-u5f.enc}{c:/w32tex/share
/texmf-dist/fonts/enc/dvips/ipaex-type1/ipxt1-u72.enc}{c:/w32tex/share/texmf-di
st/fonts/enc/dvips/ipaex-type1/ipxt1-u76.enc}{c:/w32tex/share/texmf-dist/fonts/
enc/dvips/ipaex-type1/ipxt1-u6c.enc}{c:/w32tex/share/texmf-dist/fonts/enc/dvips
/ipaex-type1/ipxt1-u5c.enc}{c:/w32tex/share/texmf-dist/fonts/enc/dvips/ipaex-ty
pe1/ipxt1-u59.enc}{c:/w32tex/share/texmf-dist/fonts/enc/dvips/ipaex-type1/ipxt1
-u95.enc}{c:/w32tex/share/texmf-dist/fonts/enc/dvips/ipaex-type1/ipxt1-u50.enc}
{c:/w32tex/share/texmf-dist/fonts/enc/dvips/ipaex-type1/ipxt1-u6a.enc}{c:/w32te
x/share/texmf-dist/fonts/enc/dvips/ipaex-type1/ipxt1-u63.enc}{c:/w32tex/share/t
exmf-dist/fonts/enc/dvips/ipaex-type1/ipxt1-u4f.enc}{c:/w32tex/share/texmf-dist
/fonts/enc/dvips/ipaex-type1/ipxt1-u91.enc}{c:/w32tex/share/texmf-dist/fonts/en
c/dvips/ipaex-type1/ipxt1-u5b.enc}{c:/w32tex/share/texmf-dist/fonts/enc/dvips/i
paex-type1/ipxt1-u96.enc}{c:/w32tex/share/texmf-dist/fonts/enc/dvips/ipaex-type
1/ipxt1-u4e.enc}{c:/w32tex/share/texmf-dist/fonts/enc/dvips/ipaex-type1/ipxt1-u
7c.enc}{c:/w32tex/share/texmf-dist/fonts/enc/dvips/ipaex-type1/ipxt1-u68.enc}{c
:/w32tex/share/texmf-dist/fonts/enc/dvips/ipaex-type1/ipxt1-uff.enc}{c:/w32tex/
share/texmf-dist/fonts/enc/dvips/ipaex-type1/ipxt1-u30.enc}{c:/w32tex/share/tex
mf-dist/fonts/enc/dvips/ipaex-type1/ipxt1-u52.enc}{c:/w32tex/share/texmf-dist/f
onts/enc/dvips/ipaex-type1/ipxt1-u98.enc}{c:/w32tex/share/texmf-dist/fonts/enc/
dvips/ipaex-type1/ipxt1-u67.enc}{c:/w32tex/share/texmf-dist/fonts/enc/dvips/ipa
ex-type1/ipxt1-u5e.enc}{c:/w32tex/share/texmf-dist/fonts/enc/dvips/ipaex-type1/
ipxt1-u66.enc}{c:/w32tex/share/texmf-dist/fonts/enc/dvips/ipaex-type1/ipxt1-u8a
.enc}<c:/w32tex/share/texmf-dist/fonts/type1/public/ipaex-type1/ipxg-r-u30.pfb>
<c:/w32tex/share/texmf-dist/fonts/type1/public/ipaex-type1/ipxg-r-u52.pfb><c:/w
32tex/share/texmf-dist/fonts/type1/public/ipaex-type1/ipxg-r-u53.pfb><c:/w32tex
/share/texmf-dist/fonts/type1/public/ipaex-type1/ipxg-r-u65.pfb><c:/w32tex/shar
e/texmf-dist/fonts/type1/public/ipaex-type1/ipxg-r-u73.pfb><c:/w32tex/share/tex
mf-dist/fonts/type1/public/ipaex-type1/ipxg-r-u80.pfb><c:/w32tex/share/texmf-di
st/fonts/type1/public/ipaex-type1/ipxg-r-u98.pfb><c:/w32tex/share/texmf-dist/fo
nts/type1/public/ipaex-type1/ipxm-r-u30.pfb><c:/w32tex/share/texmf-dist/fonts/t
ype1/public/ipaex-type1/ipxm-r-u4e.pfb><c:/w32tex/share/texmf-dist/fonts/type1/
public/ipaex-type1/ipxm-r-u4f.pfb><c:/w32tex/share/texmf-dist/fonts/type1/publi
c/ipaex-type1/ipxm-r-u50.pfb><c:/w32tex/share/texmf-dist/fonts/type1/public/ipa
ex-type1/ipxm-r-u51.pfb><c:/w32tex/share/texmf-dist/fonts/type1/public/ipaex-ty
pe1/ipxm-r-u52.pfb><c:/w32tex/share/texmf-dist/fonts/type1/public/ipaex-type1/i
pxm-r-u54.pfb><c:/w32tex/share/texmf-dist/fonts/type1/public/ipaex-type1/ipxm-r
-u56.pfb><c:/w32tex/share/texmf-dist/fonts/type1/public/ipaex-type1/ipxm-r-u57.
pfb><c:/w32tex/share/texmf-dist/fonts/type1/public/ipaex-type1/ipxm-r-u58.pfb><
c:/w32tex/share/texmf-dist/fonts/type1/public/ipaex-type1/ipxm-r-u59.pfb><c:/w3
2tex/share/texmf-dist/fonts/type1/public/ipaex-type1/ipxm-r-u5b.pfb><c:/w32tex/
share/texmf-dist/fonts/type1/public/ipaex-type1/ipxm-r-u5c.pfb><c:/w32tex/share
/texmf-dist/fonts/type1/public/ipaex-type1/ipxm-r-u5e.pfb><c:/w32tex/share/texm
f-dist/fonts/type1/public/ipaex-type1/ipxm-r-u5f.pfb><c:/w32tex/share/texmf-dis
t/fonts/type1/public/ipaex-type1/ipxm-r-u60.pfb><c:/w32tex/share/texmf-dist/fon
ts/type1/public/ipaex-type1/ipxm-r-u62.pfb><c:/w32tex/share/texmf-dist/fonts/ty
pe1/public/ipaex-type1/ipxm-r-u63.pfb><c:/w32tex/share/texmf-dist/fonts/type1/p
ublic/ipaex-type1/ipxm-r-u65.pfb><c:/w32tex/share/texmf-dist/fonts/type1/public
/ipaex-type1/ipxm-r-u66.pfb><c:/w32tex/share/texmf-dist/fonts/type1/public/ipae
x-type1/ipxm-r-u67.pfb><c:/w32tex/share/texmf-dist/fonts/type1/public/ipaex-typ
e1/ipxm-r-u68.pfb><c:/w32tex/share/texmf-dist/fonts/type1/public/ipaex-type1/ip
xm-r-u6a.pfb><c:/w32tex/share/texmf-dist/fonts/type1/public/ipaex-type1/ipxm-r-
u6b.pfb><c:/w32tex/share/texmf-dist/fonts/type1/public/ipaex-type1/ipxm-r-u6c.p
fb><c:/w32tex/share/texmf-dist/fonts/type1/public/ipaex-type1/ipxm-r-u70.pfb><c
:/w32tex/share/texmf-dist/fonts/type1/public/ipaex-type1/ipxm-r-u72.pfb><c:/w32
tex/share/texmf-dist/fonts/type1/public/ipaex-type1/ipxm-r-u73.pfb><c:/w32tex/s
hare/texmf-dist/fonts/type1/public/ipaex-type1/ipxm-r-u76.pfb><c:/w32tex/share/
texmf-dist/fonts/type1/public/ipaex-type1/ipxm-r-u77.pfb><c:/w32tex/share/texmf
-dist/fonts/type1/public/ipaex-type1/ipxm-r-u78.pfb><c:/w32tex/share/texmf-dist
/fonts/type1/public/ipaex-type1/ipxm-r-u79.pfb><c:/w32tex/share/texmf-dist/font
s/type1/public/ipaex-type1/ipxm-r-u7b.pfb><c:/w32tex/share/texmf-dist/fonts/typ
e1/public/ipaex-type1/ipxm-r-u7c.pfb><c:/w32tex/share/texmf-dist/fonts/type1/pu
blic/ipaex-type1/ipxm-r-u7f.pfb><c:/w32tex/share/texmf-dist/fonts/type1/public/
ipaex-type1/ipxm-r-u80.pfb><c:/w32tex/share/texmf-dist/fonts/type1/public/ipaex
-type1/ipxm-r-u8a.pfb><c:/w32tex/share/texmf-dist/fonts/type1/public/ipaex-type
1/ipxm-r-u8f.pfb><c:/w32tex/share/texmf-dist/fonts/type1/public/ipaex-type1/ipx
m-r-u90.pfb><c:/w32tex/share/texmf-dist/fonts/type1/public/ipaex-type1/ipxm-r-u
91.pfb><c:/w32tex/share/texmf-dist/fonts/type1/public/ipaex-type1/ipxm-r-u95.pf
b><c:/w32tex/share/texmf-dist/fonts/type1/public/ipaex-type1/ipxm-r-u96.pfb><c:
/w32tex/share/texmf-dist/fonts/type1/public/ipaex-type1/ipxm-r-u98.pfb><c:/w32t
ex/share/texmf-dist/fonts/type1/public/ipaex-type1/ipxm-r-u9a.pfb><c:/w32tex/sh
are/texmf-dist/fonts/type1/public/ipaex-type1/ipxm-r-uff.pfb><c:/w32tex/share/t
exmf-dist/fonts/type1/public/txr/rtxmi.pfb><c:/w32tex/share/texmf-dist/fonts/ty
pe1/public/txr/rtxr.pfb><c:/w32tex/share/texmf-dist/fonts/type1/public/txr/txex
.pfb><c:/w32tex/share/texmf-dist/fonts/type1/public/txr/txsy.pfb><c:/w32tex/sha
re/texmf-dist/fonts/type1/public/txr/txsyc.pfb><c:/w32tex/share/texmf-dist/font
s/type1/urw/helvetic/uhvr8a.pfb><c:/w32tex/share/texmf-dist/fonts/type1/urw/tim
es/utmb8a.pfb><c:/w32tex/share/texmf-dist/fonts/type1/urw/times/utmr8a.pfb><c:/
w32tex/share/texmf-dist/fonts/type1/urw/times/utmri8a.pfb>
Output written on 順列エントロピーについて.pdf (2 pages, 366703 byt
es).
PDF statistics:
 417 PDF objects out of 1000 (max. 8388607)
 289 compressed objects within 3 object streams
 0 named destinations out of 1000 (max. 500000)
 200 words of extra memory for PDF output out of 10000 (max. 10000000)

