This is pdfTeX, Version 3.14159265-2.6-1.40.21 (TeX Live 2020/W32TeX) (preloaded format=pdflatex 2020.2.26)  12 MAY 2020 20:00
entering extended mode
 restricted \write18 enabled.
 %&-line parsing enabled.
**noisyKS方程式について.tex
(./noisyKS方程式について.tex
LaTeX2e <2020-02-02> patch level 4
L3 programming layer <2020-02-25>
(c:/w32tex/share/texmf-dist/tex/latex/bxjscls/bxjsarticle.cls
Document Class: bxjsarticle 2020/02/15 v1.9k BXJS document classes
(c:/w32tex/share/texmf-dist/tex/latex/tools/calc.sty
Package: calc 2017/05/25 v4.3 Infix arithmetic (KKT,FJ)
\calc@Acount=\count167
\calc@Bcount=\count168
\calc@Adimen=\dimen134
\calc@Bdimen=\dimen135
\calc@Askip=\skip47
\calc@Bskip=\skip48
LaTeX Info: Redefining \setlength on input line 80.
LaTeX Info: Redefining \addtolength on input line 81.
\calc@Ccount=\count169
\calc@Cskip=\skip49
)
(c:/w32tex/share/texmf-dist/tex/latex/graphics/keyval.sty
Package: keyval 2014/10/28 v1.15 key=value parser (DPC)
\KV@toks@=\toks14
)
(c:/w32tex/share/texmf-dist/tex/latex/bxjscls/bxjscompat.sty
Package: bxjscompat 2020/02/15 v1.9k BXJS document classes
)
(c:/w32tex/share/texmf-dist/tex/generic/iftex/ifpdf.sty
Package: ifpdf 2019/10/25 v3.4 ifpdf legacy package. Use iftex instead.

(c:/w32tex/share/texmf-dist/tex/generic/iftex/iftex.sty
Package: iftex 2019/11/07 v1.0c TeX engine tests
))
\stockwidth=\dimen136
\stockheight=\dimen137
\jsc@mpt=\dimen138
\jsc@mmm=\dimen139
\jsZw=\dimen140
\jsc@smallskipamount=\skip50
\Cht=\dimen141
\Cdp=\dimen142
\Cwd=\dimen143
\Cvs=\dimen144
\Chs=\dimen145
\fullwidth=\dimen146

(c:/w32tex/share/texmf-dist/tex/latex/geometry/geometry.sty
Package: geometry 2020/01/02 v5.9 Page Geometry

(c:/w32tex/share/texmf-dist/tex/generic/iftex/ifvtex.sty
Package: ifvtex 2019/10/25 v1.7 ifvtex legacy package. Use iftex instead.
)
\Gm@cnth=\count170
\Gm@cntv=\count171
\c@Gm@tempcnt=\count172
\Gm@bindingoffset=\dimen147
\Gm@wd@mp=\dimen148
\Gm@odd@mp=\dimen149
\Gm@even@mp=\dimen150
\Gm@layoutwidth=\dimen151
\Gm@layoutheight=\dimen152
\Gm@layouthoffset=\dimen153
\Gm@layoutvoffset=\dimen154
\Gm@dimlist=\toks15

(c:/w32tex/share/texmf-dist/tex/latex/geometry/geometry.cfg))
\c@part=\count173
\c@section=\count174
\c@subsection=\count175
\c@subsubsection=\count176
\c@paragraph=\count177
\c@subparagraph=\count178
\@abstractbox=\box45
\c@figure=\count179
\c@table=\count180
\abovecaptionskip=\skip51
\belowcaptionskip=\skip52
\jsc@tocl@width=\dimen155
\@lnumwidth=\dimen156
\bibindent=\dimen157

(c:/w32tex/share/texmf-dist/tex/latex/bxwareki/bxwareki.sty
Package: bxwareki 2019/06/01 v0.6
\c@warekiyear=\count181

(c:/w32tex/share/texmf-dist/tex/latex/bxwareki/bxwareki-cd.def
File: bxwareki-cd.def 2019/06/01 v0.6
))
(c:/w32tex/share/texmf-dist/tex/latex/bxjscls/bxjsja-standard.def
File: bxjsja-standard.def 2020/02/15 v1.9k BXJS document classes

(c:/w32tex/share/texmf-dist/tex/latex/bxjscls/bxjsja-minimal.def
File: bxjsja-minimal.def 2020/02/15 v1.9k BXJS document classes
\everypar=\toks16
)
(c:/w32tex/share/texmf-dist/tex/latex/bxcjkjatype/bxcjkjatype.sty
Package: bxcjkjatype 2016/10/15 v0.3
Package bxcjkjatype Info: Driver auto-detected: pdftex on input line 144.

(c:/w32tex/share/texmf-dist/tex/latex/cjk/texinput/CJK.sty
Package: CJK 2015/04/18 4.8.4

(c:/w32tex/share/texmf-dist/tex/latex/cjk/texinput/mule/MULEenc.sty
Package: MULEenc 2015/04/18 4.8.4
)
(c:/w32tex/share/texmf-dist/tex/latex/cjk/texinput/CJK.enc
File: CJK.enc 2015/04/18 4.8.4
Now handling font encoding C00 ...
... no UTF-8 mapping file for font encoding C00
Now handling font encoding C05 ...
... no UTF-8 mapping file for font encoding C05
Now handling font encoding C09 ...
... no UTF-8 mapping file for font encoding C09
Now handling font encoding C10 ...
... no UTF-8 mapping file for font encoding C10
Now handling font encoding C20 ...
... no UTF-8 mapping file for font encoding C20
Now handling font encoding C19 ...
... no UTF-8 mapping file for font encoding C19
Now handling font encoding C40 ...
... no UTF-8 mapping file for font encoding C40
Now handling font encoding C42 ...
... no UTF-8 mapping file for font encoding C42
Now handling font encoding C43 ...
... no UTF-8 mapping file for font encoding C43
Now handling font encoding C50 ...
... no UTF-8 mapping file for font encoding C50
Now handling font encoding C52 ...
... no UTF-8 mapping file for font encoding C52
Now handling font encoding C49 ...
... no UTF-8 mapping file for font encoding C49
Now handling font encoding C60 ...
... no UTF-8 mapping file for font encoding C60
Now handling font encoding C61 ...
... no UTF-8 mapping file for font encoding C61
Now handling font encoding C63 ...
... no UTF-8 mapping file for font encoding C63
Now handling font encoding C64 ...
... no UTF-8 mapping file for font encoding C64
Now handling font encoding C65 ...
... no UTF-8 mapping file for font encoding C65
Now handling font encoding C70 ...
... no UTF-8 mapping file for font encoding C70
Now handling font encoding C31 ...
... no UTF-8 mapping file for font encoding C31
Now handling font encoding C32 ...
... no UTF-8 mapping file for font encoding C32
Now handling font encoding C33 ...
... no UTF-8 mapping file for font encoding C33
Now handling font encoding C34 ...
... no UTF-8 mapping file for font encoding C34
Now handling font encoding C35 ...
... no UTF-8 mapping file for font encoding C35
Now handling font encoding C36 ...
... no UTF-8 mapping file for font encoding C36
Now handling font encoding C37 ...
... no UTF-8 mapping file for font encoding C37
Now handling font encoding C80 ...
... no UTF-8 mapping file for font encoding C80
Now handling font encoding C81 ...
... no UTF-8 mapping file for font encoding C81
Now handling font encoding C01 ...
... no UTF-8 mapping file for font encoding C01
Now handling font encoding C11 ...
... no UTF-8 mapping file for font encoding C11
Now handling font encoding C21 ...
... no UTF-8 mapping file for font encoding C21
Now handling font encoding C41 ...
... no UTF-8 mapping file for font encoding C41
Now handling font encoding C62 ...
... no UTF-8 mapping file for font encoding C62
)
LaTeX Info: Redefining \selectfont on input line 755.
\CJK@indent=\box46
)
(c:/w32tex/share/texmf-dist/tex/latex/cjk/texinput/CJKutf8.sty
Package: CJKutf8 2015/04/18 4.8.4

(c:/w32tex/share/texmf-dist/tex/latex/base/inputenc.sty
Package: inputenc 2018/08/11 v1.3c Input encoding file
\inpenc@prehook=\toks17
\inpenc@posthook=\toks18
)
(c:/w32tex/share/texmf-dist/tex/latex/base/fontenc.sty
Package: fontenc 2020/02/11 v2.0o Standard LaTeX package
))
(c:/w32tex/share/texmf-dist/tex/latex/cjk/texinput/CJKspace.sty
Package: CJKspace 2015/04/18 3.8.0
)
(c:/w32tex/share/texmf-dist/tex/latex/cjkpunct/CJKpunct.sty
Package: CJKpunct 2009/05/06 4.8.2
\CJKpunct@cnta=\count182
\CJKpunct@cntb=\count183
\CJKpunct@cntc=\count184
\CJKpunct@cntd=\count185
\CJKpunct@cnte=\count186
   defining Unicode char U+2018 (decimal 8216)
   defining Unicode char U+2019 (decimal 8217)
   defining Unicode char U+201C (decimal 8220)
   defining Unicode char U+201D (decimal 8221)
   defining Unicode char U+2014 (decimal 8212)
   defining Unicode char U+2026 (decimal 8230)
)
(c:/w32tex/share/texmf-dist/tex/latex/etoolbox/etoolbox.sty
Package: etoolbox 2019/09/21 v2.5h e-TeX tools for LaTeX (JAW)
\etb@tempcnta=\count187
)
(c:/w32tex/share/texmf-dist/tex/latex/cjk/texinput/UTF8/UTF8.bdg
File: UTF8.bdg 2015/04/18 4.8.4
))
\jsKanjiSkip=\skip53
\jsXKanjiSkip=\skip54
))
(c:/w32tex/share/texmf-dist/tex/latex/graphics/graphicx.sty
Package: graphicx 2019/11/30 v1.2a Enhanced LaTeX Graphics (DPC,SPQR)

(c:/w32tex/share/texmf-dist/tex/latex/graphics/graphics.sty
Package: graphics 2019/11/30 v1.4a Standard LaTeX Graphics (DPC,SPQR)

(c:/w32tex/share/texmf-dist/tex/latex/graphics/trig.sty
Package: trig 2016/01/03 v1.10 sin cos tan (DPC)
)
(c:/w32tex/share/texmf-dist/tex/latex/graphics-cfg/graphics.cfg
File: graphics.cfg 2016/06/04 v1.11 sample graphics configuration
)
Package graphics Info: Driver file: pdftex.def on input line 105.

(c:/w32tex/share/texmf-dist/tex/latex/graphics-def/pdftex.def
File: pdftex.def 2018/01/08 v1.0l Graphics/color driver for pdftex
))
\Gin@req@height=\dimen158
\Gin@req@width=\dimen159
)
(c:/w32tex/share/texmf-dist/tex/latex/float/float.sty
Package: float 2001/11/08 v1.3d Float enhancements (AL)
\c@float@type=\count188
\float@exts=\toks19
\float@box=\box47
\@float@everytoks=\toks20
\@floatcapt=\box48
)
(c:/w32tex/share/texmf-dist/tex/latex/caption/subcaption.sty
Package: subcaption 2020/01/22 v1.3d Sub-captions (AR)

(c:/w32tex/share/texmf-dist/tex/latex/caption/caption.sty
Package: caption 2020/01/03 v3.4h Customizing captions (AR)

(c:/w32tex/share/texmf-dist/tex/latex/caption/caption3.sty
Package: caption3 2020/01/03 v1.8h caption3 kernel (AR)
Package caption3 Info: TeX engine: e-TeX on input line 61.
\captionmargin=\dimen160
\captionmargin@=\dimen161
\captionwidth=\dimen162
\caption@tempdima=\dimen163
\caption@indent=\dimen164
\caption@parindent=\dimen165
\caption@hangindent=\dimen166
Package caption Info: Unknown document class (or package),
(caption)             standard defaults will be used.
Package caption Info: \@makecaption = \long macro:#1#2->{\small \advance \lefts
kip .0628\linewidth \advance \rightskip .0628\linewidth \vskip \abovecaptionski
p \sbox \@tempboxa {#1\zwspace #2}\ifdim \wd \@tempboxa <\hsize \centering \fi 
#1\zwspace #2\par \vskip \belowcaptionskip } on input line 1082.
)

Package caption Warning: Unknown document class (or package),
(caption)                standard defaults will be used.
See the caption package documentation for explanation.

\c@caption@flags=\count189
\c@continuedfloat=\count190
Package caption Info: float package is loaded.
)
\c@subfigure=\count191
\c@subtable=\count192
) (c:/w32tex/share/texmf-dist/tex/latex/tools/enumerate.sty
Package: enumerate 2015/07/23 v3.00 enumerate extensions (DPC)
\@enLab=\toks21
)
(c:/w32tex/share/texmf-dist/tex/latex/amsmath/amsmath.sty
Package: amsmath 2020/01/20 v2.17e AMS math features
\@mathmargin=\skip55

For additional information on amsmath, use the `?' option.
(c:/w32tex/share/texmf-dist/tex/latex/amsmath/amstext.sty
Package: amstext 2000/06/29 v2.01 AMS text

(c:/w32tex/share/texmf-dist/tex/latex/amsmath/amsgen.sty
File: amsgen.sty 1999/11/30 v2.0 generic functions
\@emptytoks=\toks22
\ex@=\dimen167
))
(c:/w32tex/share/texmf-dist/tex/latex/amsmath/amsbsy.sty
Package: amsbsy 1999/11/29 v1.2d Bold Symbols
\pmbraise@=\dimen168
)
(c:/w32tex/share/texmf-dist/tex/latex/amsmath/amsopn.sty
Package: amsopn 2016/03/08 v2.02 operator names
)
\inf@bad=\count193
LaTeX Info: Redefining \frac on input line 227.
\uproot@=\count194
\leftroot@=\count195
LaTeX Info: Redefining \overline on input line 389.
\classnum@=\count196
\DOTSCASE@=\count197
LaTeX Info: Redefining \ldots on input line 486.
LaTeX Info: Redefining \dots on input line 489.
LaTeX Info: Redefining \cdots on input line 610.
\Mathstrutbox@=\box49
\strutbox@=\box50
\big@size=\dimen169
LaTeX Font Info:    Redeclaring font encoding OML on input line 733.
LaTeX Font Info:    Redeclaring font encoding OMS on input line 734.
\macc@depth=\count198
\c@MaxMatrixCols=\count199
\dotsspace@=\muskip16
\c@parentequation=\count266
\dspbrk@lvl=\count267
\tag@help=\toks23
\row@=\count268
\column@=\count269
\maxfields@=\count270
\andhelp@=\toks24
\eqnshift@=\dimen170
\alignsep@=\dimen171
\tagshift@=\dimen172
\tagwidth@=\dimen173
\totwidth@=\dimen174
\lineht@=\dimen175
\@envbody=\toks25
\multlinegap=\skip56
\multlinetaggap=\skip57
\mathdisplay@stack=\toks26
LaTeX Info: Redefining \[ on input line 2859.
LaTeX Info: Redefining \] on input line 2860.
)
(c:/w32tex/share/texmf-dist/tex/latex/mathtools/mathtools.sty
Package: mathtools 2020/01/17 v1.23 mathematical typesetting tools

(c:/w32tex/share/texmf-dist/tex/latex/mathtools/mhsetup.sty
Package: mhsetup 2017/03/31 v1.3 programming setup (MH)
)
LaTeX Info: Thecontrolsequence`\('isalreadyrobust on input line 129.
LaTeX Info: Thecontrolsequence`\)'isalreadyrobust on input line 129.
LaTeX Info: Thecontrolsequence`\['isalreadyrobust on input line 129.
LaTeX Info: Thecontrolsequence`\]'isalreadyrobust on input line 129.
\g_MT_multlinerow_int=\count271
\l_MT_multwidth_dim=\dimen176
\origjot=\skip58
\l_MT_shortvdotswithinadjustabove_dim=\dimen177
\l_MT_shortvdotswithinadjustbelow_dim=\dimen178
\l_MT_above_intertext_sep=\dimen179
\l_MT_below_intertext_sep=\dimen180
\l_MT_above_shortintertext_sep=\dimen181
\l_MT_below_shortintertext_sep=\dimen182
)
(c:/w32tex/share/texmf-dist/tex/latex/tools/bm.sty
Package: bm 2019/07/24 v1.2d Bold Symbol Support (DPC/FMi)
\symboldoperators=\mathgroup4
\symboldletters=\mathgroup5
\symboldsymbols=\mathgroup6
LaTeX Font Info:    Redeclaring math alphabet \mathbf on input line 141.
LaTeX Info: Redefining \bm on input line 209.
)
(c:/w32tex/share/texmf-dist/tex/latex/comment/comment.sty
\CommentStream=\write3

Excluding comment 'comment')
(c:/w32tex/share/texmf-dist/tex/latex/ascmac/ascmac.sty
Package: ascmac 2020/01/15 v2.1 ascmac wrapper (community edition) 

(c:/w32tex/share/texmf-dist/tex/latex/ascmac/tascmac.sty
Package: tascmac 2020/01/15 v2.1 ascmac package (community edition) 
Package tascmac Info: Assuming pdfLaTeX, XeLaTeX or LuaLaTeX on input line 44.
\scb@x=\box51
\scscb@x=\box52
\@bw=\dimen183
\@nbox=\box53
\@nbody=\box54
\@scw=\dimen184
\ascmac@hoboxa=\box55
\ascmac@hoboxb=\box56
\@itemh=\dimen185
\@iboxpos=\toks27
\@iboxstr=\box57
\@bwsp=\box58
\@@bwsp=\box59
\@bcal=\count272
\shaderule=\dimen186
))
(c:/w32tex/share/texmf-dist/tex/latex/tools/tabularx.sty
Package: tabularx 2020/01/15 v2.11c `tabularx' package (DPC)

(c:/w32tex/share/texmf-dist/tex/latex/tools/array.sty
Package: array 2019/08/31 v2.4l Tabular extension package (FMi)
\col@sep=\dimen187
\ar@mcellbox=\box60
\extrarowheight=\dimen188
\NC@list=\toks28
\extratabsurround=\skip59
\backup@length=\skip60
\ar@cellbox=\box61
)
\TX@col@width=\dimen189
\TX@old@table=\dimen190
\TX@old@col=\dimen191
\TX@target=\dimen192
\TX@delta=\dimen193
\TX@cols=\count273
\TX@ftn=\toks29
)

Package geometry Warning: Over-specification in `h'-direction.
    `width' (414.70561pt) is ignored.


Package geometry Warning: Over-specification in `v'-direction.
    `height' (640.53917pt) is ignored.

(c:/w32tex/share/texmf-dist/tex/latex/url/url.sty
\Urlmuskip=\muskip17
Package: url 2013/09/16  ver 3.4  Verb mode for urls, etc.
)
(c:/w32tex/share/texmf-dist/tex/latex/l3backend/l3backend-pdfmode.def
File: l3backend-pdfmode.def 2020-02-23 L3 backend support: PDF mode
\l__kernel_color_stack_int=\count274
\l__pdf_internal_box=\box62
)
(./noisyKS方程式について.aux)
\openout1 = `noisyKS方程式について.aux'.

LaTeX Font Info:    Checking defaults for OML/cmm/m/it on input line 47.
LaTeX Font Info:    ... okay on input line 47.
LaTeX Font Info:    Checking defaults for OMS/cmsy/m/n on input line 47.
LaTeX Font Info:    ... okay on input line 47.
LaTeX Font Info:    Checking defaults for OT1/cmr/m/n on input line 47.
LaTeX Font Info:    ... okay on input line 47.
LaTeX Font Info:    Checking defaults for T1/cmr/m/n on input line 47.
LaTeX Font Info:    ... okay on input line 47.
LaTeX Font Info:    Checking defaults for TS1/cmr/m/n on input line 47.
LaTeX Font Info:    ... okay on input line 47.
LaTeX Font Info:    Checking defaults for OMX/cmex/m/n on input line 47.
LaTeX Font Info:    ... okay on input line 47.
LaTeX Font Info:    Checking defaults for U/cmr/m/n on input line 47.
LaTeX Font Info:    ... okay on input line 47.
LaTeX Font Info:    Checking defaults for C00/song/m/n on input line 47.
LaTeX Font Info:    ... okay on input line 47.
LaTeX Font Info:    Checking defaults for C05/song/m/n on input line 47.
LaTeX Font Info:    ... okay on input line 47.
LaTeX Font Info:    Checking defaults for C09/song/m/n on input line 47.
LaTeX Font Info:    ... okay on input line 47.
LaTeX Font Info:    Checking defaults for C10/song/m/n on input line 47.
LaTeX Font Info:    ... okay on input line 47.
LaTeX Font Info:    Checking defaults for C20/song/m/n on input line 47.
LaTeX Font Info:    ... okay on input line 47.
LaTeX Font Info:    Checking defaults for C19/song/m/n on input line 47.
LaTeX Font Info:    ... okay on input line 47.
LaTeX Font Info:    Checking defaults for C40/song/m/n on input line 47.
LaTeX Font Info:    ... okay on input line 47.
LaTeX Font Info:    Checking defaults for C42/song/m/n on input line 47.
LaTeX Font Info:    ... okay on input line 47.
LaTeX Font Info:    Checking defaults for C43/song/m/n on input line 47.
LaTeX Font Info:    ... okay on input line 47.
LaTeX Font Info:    Checking defaults for C50/song/m/n on input line 47.
LaTeX Font Info:    ... okay on input line 47.
LaTeX Font Info:    Checking defaults for C52/song/m/n on input line 47.
LaTeX Font Info:    ... okay on input line 47.
LaTeX Font Info:    Checking defaults for C49/song/m/n on input line 47.
LaTeX Font Info:    ... okay on input line 47.
LaTeX Font Info:    Checking defaults for C60/mj/m/n on input line 47.
LaTeX Font Info:    ... okay on input line 47.
LaTeX Font Info:    Checking defaults for C61/mj/m/n on input line 47.
LaTeX Font Info:    ... okay on input line 47.
LaTeX Font Info:    Checking defaults for C63/mj/m/n on input line 47.
LaTeX Font Info:    ... okay on input line 47.
LaTeX Font Info:    Checking defaults for C64/mj/m/n on input line 47.
LaTeX Font Info:    ... okay on input line 47.
LaTeX Font Info:    Checking defaults for C65/mj/m/n on input line 47.
LaTeX Font Info:    ... okay on input line 47.
LaTeX Font Info:    Checking defaults for C70/song/m/n on input line 47.
LaTeX Font Info:    ... okay on input line 47.
LaTeX Font Info:    Checking defaults for C31/song/m/n on input line 47.
LaTeX Font Info:    ... okay on input line 47.
LaTeX Font Info:    Checking defaults for C32/song/m/n on input line 47.
LaTeX Font Info:    ... okay on input line 47.
LaTeX Font Info:    Checking defaults for C33/song/m/n on input line 47.
LaTeX Font Info:    ... okay on input line 47.
LaTeX Font Info:    Checking defaults for C34/song/m/n on input line 47.
LaTeX Font Info:    ... okay on input line 47.
LaTeX Font Info:    Checking defaults for C35/song/m/n on input line 47.
LaTeX Font Info:    ... okay on input line 47.
LaTeX Font Info:    Checking defaults for C36/song/m/n on input line 47.
LaTeX Font Info:    ... okay on input line 47.
LaTeX Font Info:    Checking defaults for C37/song/m/n on input line 47.
LaTeX Font Info:    ... okay on input line 47.
LaTeX Font Info:    Checking defaults for C80/song/m/n on input line 47.
LaTeX Font Info:    ... okay on input line 47.
LaTeX Font Info:    Checking defaults for C81/song/m/n on input line 47.
LaTeX Font Info:    ... okay on input line 47.
LaTeX Font Info:    Checking defaults for C01/song/m/n on input line 47.
LaTeX Font Info:    ... okay on input line 47.
LaTeX Font Info:    Checking defaults for C11/song/m/n on input line 47.
LaTeX Font Info:    ... okay on input line 47.
LaTeX Font Info:    Checking defaults for C21/song/m/n on input line 47.
LaTeX Font Info:    ... okay on input line 47.
LaTeX Font Info:    Checking defaults for C41/song/m/n on input line 47.
LaTeX Font Info:    ... okay on input line 47.
LaTeX Font Info:    Checking defaults for C62/song/m/n on input line 47.
LaTeX Font Info:    ... okay on input line 47.

*geometry* driver: auto-detecting
*geometry* detected driver: pdftex
*geometry* verbose mode - [ preamble ] result:
* driver: pdftex
* paper: a4paper
* layout: <same size as paper>
* layoutoffset:(h,v)=(0.0pt,0.0pt)
* hratio: 1:1
* vratio: 1:1
* modes: includehead includefoot truedimen 
* h-part:(L,W,R)=(38.97635pt, 467.71654pt, 38.97635pt)
* v-part:(T,H,B)=(25.98424pt, 706.77165pt, 38.97635pt)
* \paperwidth=545.66924pt
* \paperheight=771.73224pt
* \textwidth=462.35657pt
* \textheight=650.0pt
* \oddsidemargin=-24.34341pt
* \evensidemargin=-24.34341pt
* \topmargin=-47.61865pt
* \headheight=20.0pt
* \headsep=15.98897pt
* \topskip=10.0pt
* \footskip=25.98897pt
* \marginparwidth=0.0pt
* \marginparsep=18.49426pt
* \columnsep=18.49426pt
* \skip\footins=16.0pt plus 5.0pt minus 2.0pt
* \hoffset=0.00548pt
* \voffset=0.00548pt
* \mag=1095
* \@twocolumnfalse
* \@twosidefalse
* \@mparswitchfalse
* \@reversemarginfalse
* (1in=72.27pt=25.4mm, 1cm=28.453pt)

(c:/w32tex/share/texmf-dist/tex/latex/cjk/texinput/UTF8/UTF8.enc
File: UTF8.enc 2015/04/18 4.8.4
)
(c:/w32tex/share/texmf-dist/tex/latex/cjk/texinput/UTF8/UTF8.chr
File: UTF8.chr 2015/04/18 4.8.4
)
(c:/w32tex/share/texmf-dist/tex/context/base/mkii/supp-pdf.mkii
[Loading MPS to PDF converter (version 2006.09.02).]
\scratchcounter=\count275
\scratchdimen=\dimen194
\scratchbox=\box63
\nofMPsegments=\count276
\nofMParguments=\count277
\everyMPshowfont=\toks30
\MPscratchCnt=\count278
\MPscratchDim=\dimen195
\MPnumerator=\count279
\makeMPintoPDFobject=\count280
\everyMPtoPDFconversion=\toks31
) (c:/w32tex/share/texmf-dist/tex/latex/epstopdf-pkg/epstopdf-base.sty
Package: epstopdf-base 2020-01-24 v2.11 Base part for package epstopdf
Package epstopdf-base Info: Redefining graphics rule for `.eps' on input line 4
85.

(c:/w32tex/share/texmf-dist/tex/latex/config/epstopdf-sys.cfg
File: epstopdf-sys.cfg 2010/07/13 v1.3 Configuration of (r)epstopdf for TeX Liv
e
))
Package caption Info: Begin \AtBeginDocument code.
Package caption Info: End \AtBeginDocument code.
LaTeX Font Info:    Font shape `C70/mc/m/n' will be
(Font)              scaled to size 15.97903pt on input line 48.
LaTeX Font Info:    Font shape `C70/mc/m/n' will be
(Font)              scaled to size 15.97903pt on input line 48.
LaTeX Font Info:    Font shape `C70/mc/m/n' will be
(Font)              scaled to size 15.97903pt on input line 48.
LaTeX Font Info:    Font shape `C70/mc/m/n' will be
(Font)              scaled to size 15.97903pt on input line 48.
LaTeX Font Info:    Font shape `C70/mc/m/n' will be
(Font)              scaled to size 15.97903pt on input line 48.
LaTeX Font Info:    Font shape `C70/mc/m/n' will be
(Font)              scaled to size 11.09656pt on input line 48.
LaTeX Font Info:    Font shape `C70/mc/m/n' will be
(Font)              scaled to size 11.09656pt on input line 48.
LaTeX Font Info:    Font shape `C70/mc/m/n' will be
(Font)              scaled to size 11.09656pt on input line 48.
LaTeX Font Info:    Font shape `C70/mc/m/n' will be
(Font)              scaled to size 11.09656pt on input line 48.
LaTeX Font Info:    Font shape `C70/gt/m/n' will be
(Font)              scaled to size 13.31586pt on input line 49.
LaTeX Font Info:    Font shape `C70/gt/m/n' will be
(Font)              scaled to size 13.31586pt on input line 49.
LaTeX Font Info:    Font shape `C70/gt/m/n' will be
(Font)              scaled to size 13.31586pt on input line 49.
LaTeX Font Info:    Font shape `C70/gt/m/n' will be
(Font)              scaled to size 13.31586pt on input line 49.
LaTeX Font Info:    Font shape `C70/mc/m/n' will be
(Font)              scaled to size 9.24713pt on input line 50.
LaTeX Font Info:    Font shape `C70/mc/m/n' will be
(Font)              scaled to size 9.24713pt on input line 50.
LaTeX Font Info:    Font shape `C70/mc/m/n' will be
(Font)              scaled to size 9.24713pt on input line 50.
LaTeX Font Info:    Font shape `C70/mc/m/n' will be
(Font)              scaled to size 9.24713pt on input line 50.
Package CJKpunct Info: punctuation spaces for family 'mc' do not exist. Use fam
ily 'def' instead. on input line 50.
LaTeX Font Info:    Font shape `C70/mc/m/n' will be
(Font)              scaled to size 9.24713pt on input line 51.
LaTeX Font Info:    Font shape `C70/mc/m/n' will be
(Font)              scaled to size 9.24713pt on input line 51.
LaTeX Font Info:    Font shape `C70/mc/m/n' will be
(Font)              scaled to size 9.24713pt on input line 51.
LaTeX Font Info:    Font shape `C70/mc/m/n' will be
(Font)              scaled to size 9.24713pt on input line 51.
LaTeX Font Info:    Font shape `C70/gt/m/n' will be
(Font)              scaled to size 13.31586pt on input line 53.
LaTeX Font Info:    Font shape `C70/gt/m/n' will be
(Font)              scaled to size 13.31586pt on input line 53.
LaTeX Font Info:    Font shape `C70/gt/m/n' will be
(Font)              scaled to size 13.31586pt on input line 53.
LaTeX Font Info:    Font shape `C70/mc/m/n' will be
(Font)              scaled to size 9.24713pt on input line 54.
LaTeX Font Info:    Font shape `C70/mc/m/n' will be
(Font)              scaled to size 9.24713pt on input line 54.
LaTeX Font Info:    Font shape `C70/mc/m/n' will be
(Font)              scaled to size 9.24713pt on input line 54.
LaTeX Font Info:    Font shape `C70/mc/m/n' will be
(Font)              scaled to size 9.24713pt on input line 54.
LaTeX Font Info:    Font shape `C70/mc/m/n' will be
(Font)              scaled to size 9.24713pt on input line 54.
<../figures/aboutNew.jpg, id=24, 963.6pt x 542.025pt>
File: ../figures/aboutNew.jpg Graphic file (type jpg)
<use ../figures/aboutNew.jpg>
Package pdftex.def Info: ../figures/aboutNew.jpg  used on input line 57.
(pdftex.def)             Requested size: 277.41675pt x 156.04187pt.
LaTeX Font Info:    Font shape `C70/mc/m/n' will be
(Font)              scaled to size 9.24713pt on input line 59.
LaTeX Font Info:    Font shape `C70/mc/m/n' will be
(Font)              scaled to size 9.24713pt on input line 59.
LaTeX Font Info:    Font shape `C70/mc/m/n' will be
(Font)              scaled to size 9.24713pt on input line 59.
LaTeX Font Info:    Font shape `C70/mc/m/n' will be
(Font)              scaled to size 9.24713pt on input line 59.
LaTeX Font Info:    Font shape `C70/mc/m/n' will be
(Font)              scaled to size 9.24713pt on input line 59.
LaTeX Font Info:    Font shape `C70/mc/m/n' will be
(Font)              scaled to size 9.24713pt on input line 62.
LaTeX Font Info:    Font shape `C70/mc/m/n' will be
(Font)              scaled to size 9.24713pt on input line 62.
LaTeX Font Info:    Font shape `C70/mc/m/n' will be
(Font)              scaled to size 9.24713pt on input line 62.
LaTeX Font Info:    Font shape `C70/mc/m/n' will be
(Font)              scaled to size 9.24713pt on input line 62.
LaTeX Font Info:    Font shape `C70/mc/m/n' will be
(Font)              scaled to size 9.24713pt on input line 62.
LaTeX Font Info:    Font shape `C70/mc/m/n' will be
(Font)              scaled to size 9.24713pt on input line 62.
LaTeX Font Info:    Font shape `C70/mc/m/n' will be
(Font)              scaled to size 9.24713pt on input line 62.
LaTeX Font Info:    Font shape `C70/mc/m/n' will be
(Font)              scaled to size 9.24713pt on input line 62.
LaTeX Font Info:    Font shape `C70/mc/m/n' will be
(Font)              scaled to size 9.24713pt on input line 62.
LaTeX Font Info:    Font shape `C70/mc/m/n' will be
(Font)              scaled to size 9.24713pt on input line 62.
LaTeX Font Info:    Font shape `C70/mc/m/n' will be
(Font)              scaled to size 9.24713pt on input line 62.
LaTeX Font Info:    Font shape `C70/mc/m/n' will be
(Font)              scaled to size 9.24713pt on input line 62.
Class bxjsarticle Info: Old font command '\rm' is used!!
(bxjsarticle)           The first occurrence is on input line 62.
LaTeX Font Info:    Font shape `C70/mc/m/n' will be
(Font)              scaled to size 9.24713pt on input line 62.
LaTeX Font Info:    Font shape `C70/mc/m/n' will be
(Font)              scaled to size 9.24713pt on input line 62.
LaTeX Font Info:    Font shape `C70/mc/m/n' will be
(Font)              scaled to size 9.24713pt on input line 62.
LaTeX Font Info:    Font shape `C70/mc/m/n' will be
(Font)              scaled to size 9.24713pt on input line 62.
LaTeX Font Info:    Font shape `C70/mc/m/n' will be
(Font)              scaled to size 9.24713pt on input line 62.
LaTeX Font Info:    Font shape `C70/mc/m/n' will be
(Font)              scaled to size 9.24713pt on input line 62.
LaTeX Font Info:    Font shape `C70/gt/m/n' will be
(Font)              scaled to size 11.09656pt on input line 70.
LaTeX Font Info:    Font shape `C70/gt/m/n' will be
(Font)              scaled to size 11.09656pt on input line 70.
LaTeX Font Info:    Font shape `C70/gt/m/n' will be
(Font)              scaled to size 11.09656pt on input line 70.
LaTeX Font Info:    Font shape `C70/gt/m/n' will be
(Font)              scaled to size 11.09656pt on input line 70.
Package CJKpunct Info: punctuation spaces for family 'gt' do not exist. Use fam
ily 'def' instead. on input line 70.
LaTeX Font Info:    Font shape `C70/gt/m/n' will be
(Font)              scaled to size 11.09656pt on input line 70.
LaTeX Font Info:    Font shape `C70/gt/m/n' will be
(Font)              scaled to size 11.09656pt on input line 70.
LaTeX Font Info:    Font shape `C70/gt/m/n' will be
(Font)              scaled to size 11.09656pt on input line 70.
LaTeX Font Info:    Font shape `C70/gt/m/n' will be
(Font)              scaled to size 11.09656pt on input line 70.
LaTeX Font Info:    Font shape `C70/gt/m/n' will be
(Font)              scaled to size 11.09656pt on input line 70.
LaTeX Font Info:    Font shape `C70/gt/m/n' will be
(Font)              scaled to size 11.09656pt on input line 70.
LaTeX Font Info:    Font shape `C70/gt/m/n' will be
(Font)              scaled to size 11.09656pt on input line 70.
LaTeX Font Info:    Font shape `C70/mc/m/n' will be
(Font)              scaled to size 9.24713pt on input line 71.
 [1

{c:/w32tex/share/texmf-dist/fonts/map/pdftex/updmap/pdftex.map} <../figures/abo
utNew.jpg>]
LaTeX Font Info:    Font shape `C70/mc/m/n' will be
(Font)              scaled to size 9.24713pt on input line 80.
LaTeX Font Info:    Font shape `C70/mc/m/n' will be
(Font)              scaled to size 9.24713pt on input line 80.
LaTeX Font Info:    Font shape `C70/mc/m/n' will be
(Font)              scaled to size 9.24713pt on input line 80.
LaTeX Font Info:    Font shape `C70/mc/m/n' will be
(Font)              scaled to size 9.24713pt on input line 80.
LaTeX Font Info:    Font shape `C70/mc/m/n' will be
(Font)              scaled to size 9.24713pt on input line 80.
LaTeX Font Info:    Font shape `C70/mc/m/n' will be
(Font)              scaled to size 9.24713pt on input line 80.
LaTeX Font Info:    Font shape `C70/mc/m/n' will be
(Font)              scaled to size 9.24713pt on input line 87.
LaTeX Font Info:    Font shape `C70/mc/m/n' will be
(Font)              scaled to size 9.24713pt on input line 107.

[2]
LaTeX Font Info:    Font shape `C70/mc/m/n' will be
(Font)              scaled to size 9.24713pt on input line 128.
LaTeX Font Info:    Font shape `C70/mc/m/n' will be
(Font)              scaled to size 9.24713pt on input line 128.
LaTeX Font Info:    Font shape `C70/mc/m/n' will be
(Font)              scaled to size 9.24713pt on input line 128.
LaTeX Font Info:    Font shape `C70/gt/m/n' will be
(Font)              scaled to size 11.09656pt on input line 138.
LaTeX Font Info:    Font shape `C70/gt/m/n' will be
(Font)              scaled to size 11.09656pt on input line 138.
LaTeX Font Info:    Font shape `C70/gt/m/n' will be
(Font)              scaled to size 11.09656pt on input line 138.
LaTeX Font Info:    Font shape `C70/gt/m/n' will be
(Font)              scaled to size 11.09656pt on input line 138.
LaTeX Font Info:    Font shape `C70/gt/m/n' will be
(Font)              scaled to size 11.09656pt on input line 138.
LaTeX Font Info:    Font shape `C70/gt/m/n' will be
(Font)              scaled to size 11.09656pt on input line 138.
LaTeX Font Info:    Font shape `C70/mc/m/n' will be
(Font)              scaled to size 9.24713pt on input line 139.
LaTeX Font Info:    Font shape `C70/mc/m/n' will be
(Font)              scaled to size 9.24713pt on input line 139.
LaTeX Font Info:    Font shape `C70/mc/m/n' will be
(Font)              scaled to size 9.24713pt on input line 155.
<../figures/sigma.jpg, id=136, 963.6pt x 542.025pt>
File: ../figures/sigma.jpg Graphic file (type jpg)
<use ../figures/sigma.jpg>
Package pdftex.def Info: ../figures/sigma.jpg  used on input line 158.
(pdftex.def)             Requested size: 277.41675pt x 156.04187pt.
 [3]
LaTeX Font Info:    Font shape `C70/mc/m/n' will be
(Font)              scaled to size 9.24713pt on input line 177.
LaTeX Font Info:    Font shape `C70/gt/m/n' will be
(Font)              scaled to size 11.09656pt on input line 206.
LaTeX Font Info:    Font shape `C70/gt/m/n' will be
(Font)              scaled to size 11.09656pt on input line 206.
LaTeX Font Info:    Font shape `C70/gt/m/n' will be
(Font)              scaled to size 11.09656pt on input line 206.
LaTeX Font Info:    Font shape `C70/mc/m/n' will be
(Font)              scaled to size 9.24713pt on input line 207.
LaTeX Font Info:    Font shape `C70/mc/m/n' will be
(Font)              scaled to size 9.24713pt on input line 207.
LaTeX Font Info:    Font shape `C70/mc/m/n' will be
(Font)              scaled to size 9.24713pt on input line 207.
LaTeX Font Info:    Font shape `C70/mc/m/n' will be
(Font)              scaled to size 9.24713pt on input line 207.
LaTeX Font Info:    Font shape `C70/gt/m/n' will be
(Font)              scaled to size 9.24713pt on input line 208.
LaTeX Font Info:    Font shape `C70/gt/m/n' will be
(Font)              scaled to size 9.24713pt on input line 208.
LaTeX Font Info:    Font shape `C70/gt/m/n' will be
(Font)              scaled to size 9.24713pt on input line 208.
 [4 <../figures/sigma.jpg>]
LaTeX Font Info:    Font shape `C70/gt/m/n' will be
(Font)              scaled to size 9.24713pt on input line 233.
LaTeX Font Info:    Font shape `C70/mc/m/n' will be
(Font)              scaled to size 9.24713pt on input line 271.
 [5]
LaTeX Font Info:    Font shape `C70/mc/m/n' will be
(Font)              scaled to size 9.24713pt on input line 296.
LaTeX Font Info:    Font shape `C70/mc/m/n' will be
(Font)              scaled to size 9.24713pt on input line 296.
 [6]
LaTeX Font Info:    Font shape `C70/gt/m/n' will be
(Font)              scaled to size 11.09656pt on input line 344.
LaTeX Font Info:    Font shape `C70/gt/m/n' will be
(Font)              scaled to size 11.09656pt on input line 344.
LaTeX Font Info:    Font shape `C70/gt/m/n' will be
(Font)              scaled to size 11.09656pt on input line 344.

Overfull \hbox (8.0447pt too wide) detected at line 362
[]
 []

[7]
LaTeX Font Info:    Font shape `C70/gt/m/n' will be
(Font)              scaled to size 13.31586pt on input line 384.
LaTeX Font Info:    Font shape `C70/gt/m/n' will be
(Font)              scaled to size 13.31586pt on input line 384.
LaTeX Font Info:    Font shape `C70/gt/m/n' will be
(Font)              scaled to size 13.31586pt on input line 384.
LaTeX Font Info:    Font shape `C70/mc/m/n' will be
(Font)              scaled to size 9.24713pt on input line 415.
<../figures/KS_error2.jpg, id=187, 1810.765pt x 491.8375pt>
File: ../figures/KS_error2.jpg Graphic file (type jpg)
<use ../figures/KS_error2.jpg>
Package pdftex.def Info: ../figures/KS_error2.jpg  used on input line 418.
(pdftex.def)             Requested size: 416.11809pt x 113.02267pt.
LaTeX Font Info:    Font shape `C70/mc/m/n' will be
(Font)              scaled to size 9.24713pt on input line 423.
LaTeX Font Info:    Font shape `C70/mc/m/n' will be
(Font)              scaled to size 9.24713pt on input line 423.
<../figures/x=-100.jpg, id=189, 562.1pt x 421.575pt>
File: ../figures/x=-100.jpg Graphic file (type jpg)
<use ../figures/x=-100.jpg>
Package pdftex.def Info: ../figures/x=-100.jpg  used on input line 426.
(pdftex.def)             Requested size: 138.70837pt x 104.02975pt.
<../figures/x=-75.jpg, id=190, 562.1pt x 421.575pt>
File: ../figures/x=-75.jpg Graphic file (type jpg)
<use ../figures/x=-75.jpg>
Package pdftex.def Info: ../figures/x=-75.jpg  used on input line 427.
(pdftex.def)             Requested size: 138.70837pt x 104.02975pt.
<../figures/x=-50.jpg, id=191, 562.1pt x 421.575pt>
File: ../figures/x=-50.jpg Graphic file (type jpg)
<use ../figures/x=-50.jpg>
Package pdftex.def Info: ../figures/x=-50.jpg  used on input line 428.
(pdftex.def)             Requested size: 138.70837pt x 104.02975pt.
<../figures/x=-25.jpg, id=192, 562.1pt x 421.575pt>
File: ../figures/x=-25.jpg Graphic file (type jpg)
<use ../figures/x=-25.jpg>
Package pdftex.def Info: ../figures/x=-25.jpg  used on input line 429.
(pdftex.def)             Requested size: 138.70837pt x 104.02975pt.
<../figures/x=0.jpg, id=193, 562.1pt x 421.575pt>
File: ../figures/x=0.jpg Graphic file (type jpg)
<use ../figures/x=0.jpg>
Package pdftex.def Info: ../figures/x=0.jpg  used on input line 430.
(pdftex.def)             Requested size: 138.70837pt x 104.02975pt.
<../figures/x=25.jpg, id=194, 562.1pt x 421.575pt>
File: ../figures/x=25.jpg Graphic file (type jpg)
<use ../figures/x=25.jpg>
Package pdftex.def Info: ../figures/x=25.jpg  used on input line 431.
(pdftex.def)             Requested size: 138.70837pt x 104.02975pt.
<../figures/x=50.jpg, id=195, 562.1pt x 421.575pt>
File: ../figures/x=50.jpg Graphic file (type jpg)
<use ../figures/x=50.jpg>
Package pdftex.def Info: ../figures/x=50.jpg  used on input line 432.
(pdftex.def)             Requested size: 138.70837pt x 104.02975pt.
<../figures/x=75.jpg, id=196, 562.1pt x 421.575pt>
File: ../figures/x=75.jpg Graphic file (type jpg)
<use ../figures/x=75.jpg>
Package pdftex.def Info: ../figures/x=75.jpg  used on input line 433.
(pdftex.def)             Requested size: 138.70837pt x 104.02975pt.
<../figures/x=100.jpg, id=197, 562.1pt x 421.575pt>
File: ../figures/x=100.jpg Graphic file (type jpg)
<use ../figures/x=100.jpg>
Package pdftex.def Info: ../figures/x=100.jpg  used on input line 434.
(pdftex.def)             Requested size: 138.70837pt x 104.02975pt.
 [8 <../figures/KS_error2.jpg>] [9 <../figures/x=-100.jpg> <../figures/x=-75.jp
g> <../figures/x=-50.jpg> <../figures/x=-25.jpg> <../figures/x=0.jpg> <../figur
es/x=25.jpg> <../figures/x=50.jpg> <../figures/x=75.jpg> <../figures/x=100.jpg>
]
LaTeX Font Info:    Font shape `C70/gt/m/n' will be
(Font)              scaled to size 13.31586pt on input line 443.
LaTeX Font Info:    Font shape `C70/mc/m/n' will be
(Font)              scaled to size 9.24713pt on input line 447.
LaTeX Font Info:    Font shape `C70/gt/m/n' will be
(Font)              scaled to size 13.31586pt on input line 506.
LaTeX Font Info:    Font shape `C70/gt/m/n' will be
(Font)              scaled to size 13.31586pt on input line 506.
LaTeX Font Info:    Font shape `C70/gt/m/n' will be
(Font)              scaled to size 13.31586pt on input line 506.
 [10]

Class bxjsarticle Warning: Some old font commands were used in text:
(bxjsarticle)                \rm
(bxjsarticle)              You should note, that since 1994 LaTeX2e provides a
(bxjsarticle)              new font selection scheme called NFSS2 with several
(bxjsarticle)              new, combinable font commands. The class provides
(bxjsarticle)              the old font commands only for compatibility.

(./noisyKS方程式について.aux) ) 
Here is how much of TeX's memory you used:
 8985 strings out of 480994
 131972 string characters out of 5914517
 390205 words of memory out of 5000000
 24112 multiletter control sequences out of 15000+600000
 572983 words of font info for 175 fonts, out of 8000000 for 9000
 1146 hyphenation exceptions out of 8191
 48i,19n,46p,923b,364s stack positions out of 5000i,500n,10000p,500000b,80000s
{c:/w32tex/share/texmf-dist/fonts/enc/dvi
ps/ipaex-type1/ipxt1-u73.enc}{c:/w32tex/share/texmf-dist/fonts/enc/dvips/ipaex-
type1/ipxt1-u80.enc}{c:/w32tex/share/texmf-dist/fonts/enc/dvips/ipaex-type1/ipx
t1-u55.enc}{c:/w32tex/share/texmf-dist/fonts/enc/dvips/ipaex-type1/ipxt1-u5b.en
c}{c:/w32tex/share/texmf-dist/fonts/enc/dvips/ipaex-type1/ipxt1-u70.enc}{c:/w32
tex/share/texmf-dist/fonts/enc/dvips/ipaex-type1/ipxt1-u5d.enc}{c:/w32tex/share
/texmf-dist/fonts/enc/dvips/ipaex-type1/ipxt1-u6e.enc}{c:/w32tex/share/texmf-di
st/fonts/enc/dvips/ipaex-type1/ipxt1-u74.enc}{c:/w32tex/share/texmf-dist/fonts/
enc/dvips/ipaex-type1/ipxt1-u59.enc}{c:/w32tex/share/texmf-dist/fonts/enc/dvips
/ipaex-type1/ipxt1-u62.enc}{c:/w32tex/share/texmf-dist/fonts/enc/dvips/ipaex-ty
pe1/ipxt1-u82.enc}{c:/w32tex/share/texmf-dist/fonts/enc/dvips/ipaex-type1/ipxt1
-u95.enc}{c:/w32tex/share/texmf-dist/fonts/enc/dvips/ipaex-type1/ipxt1-u8c.enc}
{c:/w32tex/share/texmf-dist/fonts/enc/dvips/ipaex-type1/ipxt1-u98.enc}{c:/w32te
x/share/texmf-dist/fonts/enc/dvips/ipaex-type1/ipxt1-u64.enc}{c:/w32tex/share/t
exmf-dist/fonts/enc/dvips/ipaex-type1/ipxt1-u52.enc}{c:/w32tex/share/texmf-dist
/fonts/enc/dvips/ipaex-type1/ipxt1-u8e.enc}{c:/w32tex/share/texmf-dist/fonts/en
c/dvips/ipaex-type1/ipxt1-u6a.enc}{c:/w32tex/share/texmf-dist/fonts/enc/dvips/i
paex-type1/ipxt1-u63.enc}{c:/w32tex/share/texmf-dist/fonts/enc/dvips/ipaex-type
1/ipxt1-u4e.enc}{c:/w32tex/share/texmf-dist/fonts/enc/dvips/ipaex-type1/ipxt1-u
67.enc}{c:/w32tex/share/texmf-dist/fonts/enc/dvips/ipaex-type1/ipxt1-u75.enc}{c
:/w32tex/share/texmf-dist/fonts/enc/dvips/ipaex-type1/ipxt1-u58.enc}{c:/w32tex/
share/texmf-dist/fonts/enc/dvips/ipaex-type1/ipxt1-u81.enc}{c:/w32tex/share/tex
mf-dist/fonts/enc/dvips/ipaex-type1/ipxt1-u6d.enc}{c:/w32tex/share/texmf-dist/f
onts/enc/dvips/ipaex-type1/ipxt1-u8f.enc}{c:/w32tex/share/texmf-dist/fonts/enc/
dvips/ipaex-type1/ipxt1-u96.enc}{c:/w32tex/share/texmf-dist/fonts/enc/dvips/ipa
ex-type1/ipxt1-u61.enc}{c:/w32tex/share/texmf-dist/fonts/enc/dvips/ipaex-type1/
ipxt1-u91.enc}{c:/w32tex/share/texmf-dist/fonts/enc/dvips/ipaex-type1/ipxt1-u57
.enc}{c:/w32tex/share/texmf-dist/fonts/enc/dvips/ipaex-type1/ipxt1-u7c.enc}{c:/
w32tex/share/texmf-dist/fonts/enc/dvips/ipaex-type1/ipxt1-u66.enc}{c:/w32tex/sh
are/texmf-dist/fonts/enc/dvips/ipaex-type1/ipxt1-u7f.enc}{c:/w32tex/share/texmf
-dist/fonts/enc/dvips/ipaex-type1/ipxt1-u7d.enc}{c:/w32tex/share/texmf-dist/fon
ts/enc/dvips/ipaex-type1/ipxt1-u53.enc}{c:/w32tex/share/texmf-dist/fonts/enc/dv
ips/ipaex-type1/ipxt1-u51.enc}{c:/w32tex/share/texmf-dist/fonts/enc/dvips/ipaex
-type1/ipxt1-u6b.enc}{c:/w32tex/share/texmf-dist/fonts/enc/dvips/ipaex-type1/ip
xt1-u71.enc}{c:/w32tex/share/texmf-dist/fonts/enc/dvips/ipaex-type1/ipxt1-u30.e
nc}{c:/w32tex/share/texmf-dist/fonts/enc/dvips/ipaex-type1/ipxt1-uff.enc}{c:/w3
2tex/share/texmf-dist/fonts/enc/dvips/ipaex-type1/ipxt1-u76.enc}{c:/w32tex/shar
e/texmf-dist/fonts/enc/dvips/ipaex-type1/ipxt1-u88.enc}{c:/w32tex/share/texmf-d
ist/fonts/enc/dvips/ipaex-type1/ipxt1-u54.enc}{c:/w32tex/share/texmf-dist/fonts
/enc/dvips/ipaex-type1/ipxt1-u90.enc}{c:/w32tex/share/texmf-dist/fonts/enc/dvip
s/ipaex-type1/ipxt1-u5c.enc}{c:/w32tex/share/texmf-dist/fonts/enc/dvips/ipaex-t
ype1/ipxt1-u85.enc}{c:/w32tex/share/texmf-dist/fonts/enc/dvips/ipaex-type1/ipxt
1-u50.enc}{c:/w32tex/share/texmf-dist/fonts/enc/dvips/ipaex-type1/ipxt1-u5e.enc
}{c:/w32tex/share/texmf-dist/fonts/enc/dvips/ipaex-type1/ipxt1-u6c.enc}{c:/w32t
ex/share/texmf-dist/fonts/enc/dvips/ipaex-type1/ipxt1-u97.enc}{c:/w32tex/share/
texmf-dist/fonts/enc/dvips/ipaex-type1/ipxt1-u89.enc}{c:/w32tex/share/texmf-dis
t/fonts/enc/dvips/ipaex-type1/ipxt1-u69.enc}{c:/w32tex/share/texmf-dist/fonts/e
nc/dvips/ipaex-type1/ipxt1-u5f.enc}{c:/w32tex/share/texmf-dist/fonts/enc/dvips/
ipaex-type1/ipxt1-u7a.enc}{c:/w32tex/share/texmf-dist/fonts/enc/dvips/ipaex-typ
e1/ipxt1-u65.enc}{c:/w32tex/share/texmf-dist/fonts/enc/dvips/ipaex-type1/ipxt1-
u8b.enc}{c:/w32tex/share/texmf-dist/fonts/enc/dvips/ipaex-type1/ipxt1-u8a.enc}{
c:/w32tex/share/texmf-dist/fonts/enc/dvips/ipaex-type1/ipxt1-u72.enc}{c:/w32tex
/share/texmf-dist/fonts/enc/dvips/ipaex-type1/ipxt1-u60.enc}{c:/w32tex/share/te
xmf-dist/fonts/enc/dvips/ipaex-type1/ipxt1-u77.enc}{c:/w32tex/share/texmf-dist/
fonts/enc/dvips/ipaex-type1/ipxt1-u79.enc}{c:/w32tex/share/texmf-dist/fonts/enc
/dvips/ipaex-type1/ipxt1-u56.enc}{c:/w32tex/share/texmf-dist/fonts/enc/dvips/ip
aex-type1/ipxt1-u7b.enc}{c:/w32tex/share/texmf-dist/fonts/enc/dvips/ipaex-type1
/ipxt1-u4f.enc}{c:/w32tex/share/texmf-dist/fonts/enc/dvips/ipaex-type1/ipxt1-u7
8.enc}<c:/w32tex/share/texmf-dist/fonts/type1/public/amsfonts/cm/cmex10.pfb><c:
/w32tex/share/texmf-dist/fonts/type1/public/amsfonts/cm/cmmi10.pfb><c:/w32tex/s
hare/texmf-dist/fonts/type1/public/amsfonts/cm/cmmi7.pfb><c:/w32tex/share/texmf
-dist/fonts/type1/public/amsfonts/cm/cmmib10.pfb><c:/w32tex/share/texmf-dist/fo
nts/type1/public/amsfonts/cm/cmr10.pfb><c:/w32tex/share/texmf-dist/fonts/type1/
public/amsfonts/cm/cmr12.pfb><c:/w32tex/share/texmf-dist/fonts/type1/public/ams
fonts/cm/cmr17.pfb><c:/w32tex/share/texmf-dist/fonts/type1/public/amsfonts/cm/c
mr7.pfb><c:/w32tex/share/texmf-dist/fonts/type1/public/amsfonts/cm/cmss10.pfb><
c:/w32tex/share/texmf-dist/fonts/type1/public/amsfonts/cm/cmss12.pfb><c:/w32tex
/share/texmf-dist/fonts/type1/public/amsfonts/cm/cmsy10.pfb><c:/w32tex/share/te
xmf-dist/fonts/type1/public/amsfonts/cm/cmsy7.pfb><c:/w32tex/share/texmf-dist/f
onts/type1/public/ipaex-type1/ipxg-r-u30.pfb><c:/w32tex/share/texmf-dist/fonts/
type1/public/ipaex-type1/ipxg-r-u4e.pfb><c:/w32tex/share/texmf-dist/fonts/type1
/public/ipaex-type1/ipxg-r-u51.pfb><c:/w32tex/share/texmf-dist/fonts/type1/publ
ic/ipaex-type1/ipxg-r-u52.pfb><c:/w32tex/share/texmf-dist/fonts/type1/public/ip
aex-type1/ipxg-r-u53.pfb><c:/w32tex/share/texmf-dist/fonts/type1/public/ipaex-t
ype1/ipxg-r-u58.pfb><c:/w32tex/share/texmf-dist/fonts/type1/public/ipaex-type1/
ipxg-r-u59.pfb><c:/w32tex/share/texmf-dist/fonts/type1/public/ipaex-type1/ipxg-
r-u5b.pfb><c:/w32tex/share/texmf-dist/fonts/type1/public/ipaex-type1/ipxg-r-u5f
.pfb><c:/w32tex/share/texmf-dist/fonts/type1/public/ipaex-type1/ipxg-r-u63.pfb>
<c:/w32tex/share/texmf-dist/fonts/type1/public/ipaex-type1/ipxg-r-u64.pfb><c:/w
32tex/share/texmf-dist/fonts/type1/public/ipaex-type1/ipxg-r-u65.pfb><c:/w32tex
/share/texmf-dist/fonts/type1/public/ipaex-type1/ipxg-r-u67.pfb><c:/w32tex/shar
e/texmf-dist/fonts/type1/public/ipaex-type1/ipxg-r-u6b.pfb><c:/w32tex/share/tex
mf-dist/fonts/type1/public/ipaex-type1/ipxg-r-u6c.pfb><c:/w32tex/share/texmf-di
st/fonts/type1/public/ipaex-type1/ipxg-r-u6d.pfb><c:/w32tex/share/texmf-dist/fo
nts/type1/public/ipaex-type1/ipxg-r-u6e.pfb><c:/w32tex/share/texmf-dist/fonts/t
ype1/public/ipaex-type1/ipxg-r-u71.pfb><c:/w32tex/share/texmf-dist/fonts/type1/
public/ipaex-type1/ipxg-r-u72.pfb><c:/w32tex/share/texmf-dist/fonts/type1/publi
c/ipaex-type1/ipxg-r-u73.pfb><c:/w32tex/share/texmf-dist/fonts/type1/public/ipa
ex-type1/ipxg-r-u74.pfb><c:/w32tex/share/texmf-dist/fonts/type1/public/ipaex-ty
pe1/ipxg-r-u75.pfb><c:/w32tex/share/texmf-dist/fonts/type1/public/ipaex-type1/i
pxg-r-u7a.pfb><c:/w32tex/share/texmf-dist/fonts/type1/public/ipaex-type1/ipxg-r
-u7d.pfb><c:/w32tex/share/texmf-dist/fonts/type1/public/ipaex-type1/ipxg-r-u80.
pfb><c:/w32tex/share/texmf-dist/fonts/type1/public/ipaex-type1/ipxg-r-u81.pfb><
c:/w32tex/share/texmf-dist/fonts/type1/public/ipaex-type1/ipxg-r-u90.pfb><c:/w3
2tex/share/texmf-dist/fonts/type1/public/ipaex-type1/ipxg-r-u95.pfb><c:/w32tex/
share/texmf-dist/fonts/type1/public/ipaex-type1/ipxg-r-uff.pfb><c:/w32tex/share
/texmf-dist/fonts/type1/public/ipaex-type1/ipxm-r-u30.pfb><c:/w32tex/share/texm
f-dist/fonts/type1/public/ipaex-type1/ipxm-r-u4e.pfb><c:/w32tex/share/texmf-dis
t/fonts/type1/public/ipaex-type1/ipxm-r-u4f.pfb><c:/w32tex/share/texmf-dist/fon
ts/type1/public/ipaex-type1/ipxm-r-u50.pfb><c:/w32tex/share/texmf-dist/fonts/ty
pe1/public/ipaex-type1/ipxm-r-u51.pfb><c:/w32tex/share/texmf-dist/fonts/type1/p
ublic/ipaex-type1/ipxm-r-u52.pfb><c:/w32tex/share/texmf-dist/fonts/type1/public
/ipaex-type1/ipxm-r-u53.pfb><c:/w32tex/share/texmf-dist/fonts/type1/public/ipae
x-type1/ipxm-r-u54.pfb><c:/w32tex/share/texmf-dist/fonts/type1/public/ipaex-typ
e1/ipxm-r-u55.pfb><c:/w32tex/share/texmf-dist/fonts/type1/public/ipaex-type1/ip
xm-r-u56.pfb><c:/w32tex/share/texmf-dist/fonts/type1/public/ipaex-type1/ipxm-r-
u57.pfb><c:/w32tex/share/texmf-dist/fonts/type1/public/ipaex-type1/ipxm-r-u58.p
fb><c:/w32tex/share/texmf-dist/fonts/type1/public/ipaex-type1/ipxm-r-u59.pfb><c
:/w32tex/share/texmf-dist/fonts/type1/public/ipaex-type1/ipxm-r-u5b.pfb><c:/w32
tex/share/texmf-dist/fonts/type1/public/ipaex-type1/ipxm-r-u5c.pfb><c:/w32tex/s
hare/texmf-dist/fonts/type1/public/ipaex-type1/ipxm-r-u5d.pfb><c:/w32tex/share/
texmf-dist/fonts/type1/public/ipaex-type1/ipxm-r-u5e.pfb><c:/w32tex/share/texmf
-dist/fonts/type1/public/ipaex-type1/ipxm-r-u5f.pfb><c:/w32tex/share/texmf-dist
/fonts/type1/public/ipaex-type1/ipxm-r-u60.pfb><c:/w32tex/share/texmf-dist/font
s/type1/public/ipaex-type1/ipxm-r-u61.pfb><c:/w32tex/share/texmf-dist/fonts/typ
e1/public/ipaex-type1/ipxm-r-u62.pfb><c:/w32tex/share/texmf-dist/fonts/type1/pu
blic/ipaex-type1/ipxm-r-u63.pfb><c:/w32tex/share/texmf-dist/fonts/type1/public/
ipaex-type1/ipxm-r-u64.pfb><c:/w32tex/share/texmf-dist/fonts/type1/public/ipaex
-type1/ipxm-r-u65.pfb><c:/w32tex/share/texmf-dist/fonts/type1/public/ipaex-type
1/ipxm-r-u66.pfb><c:/w32tex/share/texmf-dist/fonts/type1/public/ipaex-type1/ipx
m-r-u67.pfb><c:/w32tex/share/texmf-dist/fonts/type1/public/ipaex-type1/ipxm-r-u
69.pfb><c:/w32tex/share/texmf-dist/fonts/type1/public/ipaex-type1/ipxm-r-u6a.pf
b><c:/w32tex/share/texmf-dist/fonts/type1/public/ipaex-type1/ipxm-r-u6b.pfb><c:
/w32tex/share/texmf-dist/fonts/type1/public/ipaex-type1/ipxm-r-u6c.pfb><c:/w32t
ex/share/texmf-dist/fonts/type1/public/ipaex-type1/ipxm-r-u6d.pfb><c:/w32tex/sh
are/texmf-dist/fonts/type1/public/ipaex-type1/ipxm-r-u6e.pfb><c:/w32tex/share/t
exmf-dist/fonts/type1/public/ipaex-type1/ipxm-r-u70.pfb><c:/w32tex/share/texmf-
dist/fonts/type1/public/ipaex-type1/ipxm-r-u71.pfb><c:/w32tex/share/texmf-dist/
fonts/type1/public/ipaex-type1/ipxm-r-u73.pfb><c:/w32tex/share/texmf-dist/fonts
/type1/public/ipaex-type1/ipxm-r-u75.pfb><c:/w32tex/share/texmf-dist/fonts/type
1/public/ipaex-type1/ipxm-r-u76.pfb><c:/w32tex/share/texmf-dist/fonts/type1/pub
lic/ipaex-type1/ipxm-r-u77.pfb><c:/w32tex/share/texmf-dist/fonts/type1/public/i
paex-type1/ipxm-r-u78.pfb><c:/w32tex/share/texmf-dist/fonts/type1/public/ipaex-
type1/ipxm-r-u79.pfb><c:/w32tex/share/texmf-dist/fonts/type1/public/ipaex-type1
/ipxm-r-u7a.pfb><c:/w32tex/share/texmf-dist/fonts/type1/public/ipaex-type1/ipxm
-r-u7b.pfb><c:/w32tex/share/texmf-dist/fonts/type1/public/ipaex-type1/ipxm-r-u7
c.pfb><c:/w32tex/share/texmf-dist/fonts/type1/public/ipaex-type1/ipxm-r-u7d.pfb
><c:/w32tex/share/texmf-dist/fonts/type1/public/ipaex-type1/ipxm-r-u7f.pfb><c:/
w32tex/share/texmf-dist/fonts/type1/public/ipaex-type1/ipxm-r-u80.pfb><c:/w32te
x/share/texmf-dist/fonts/type1/public/ipaex-type1/ipxm-r-u81.pfb><c:/w32tex/sha
re/texmf-dist/fonts/type1/public/ipaex-type1/ipxm-r-u82.pfb><c:/w32tex/share/te
xmf-dist/fonts/type1/public/ipaex-type1/ipxm-r-u85.pfb><c:/w32tex/share/texmf-d
ist/fonts/type1/public/ipaex-type1/ipxm-r-u88.pfb><c:/w32tex/share/texmf-dist/f
onts/type1/public/ipaex-type1/ipxm-r-u89.pfb><c:/w32tex/share/texmf-dist/fonts/
type1/public/ipaex-type1/ipxm-r-u8a.pfb><c:/w32tex/share/texmf-dist/fonts/type1
/public/ipaex-type1/ipxm-r-u8b.pfb><c:/w32tex/share/texmf-dist/fonts/type1/publ
ic/ipaex-type1/ipxm-r-u8c.pfb><c:/w32tex/share/texmf-dist/fonts/type1/public/ip
aex-type1/ipxm-r-u8e.pfb><c:/w32tex/share/texmf-dist/fonts/type1/public/ipaex-t
ype1/ipxm-r-u8f.pfb><c:/w32tex/share/texmf-dist/fonts/type1/public/ipaex-type1/
ipxm-r-u90.pfb><c:/w32tex/share/texmf-dist/fonts/type1/public/ipaex-type1/ipxm-
r-u91.pfb><c:/w32tex/share/texmf-dist/fonts/type1/public/ipaex-type1/ipxm-r-u95
.pfb><c:/w32tex/share/texmf-dist/fonts/type1/public/ipaex-type1/ipxm-r-u96.pfb>
<c:/w32tex/share/texmf-dist/fonts/type1/public/ipaex-type1/ipxm-r-u97.pfb><c:/w
32tex/share/texmf-dist/fonts/type1/public/ipaex-type1/ipxm-r-u98.pfb><c:/w32tex
/share/texmf-dist/fonts/type1/public/ipaex-type1/ipxm-r-uff.pfb><c:/w32tex/shar
e/texmf-dist/fonts/type1/public/amsfonts/latxfont/lcirclew.pfb>
Output written on noisyKS方程式について.pdf (10 pages, 1164291 bytes).
PDF statistics:
 603 PDF objects out of 1000 (max. 8388607)
 404 compressed objects within 5 object streams
 0 named destinations out of 1000 (max. 500000)
 321 words of extra memory for PDF output out of 10000 (max. 10000000)

